bppdixfcQyak/Zv/Ica4UjT2+FW7pmre2fVRTaACL1wk9Ctky7Qv0xt6dak5uqf1TzqHC7D9wdEQo1s=
Owy3UZyHG773s2DUaexC0jT2+FW7pmre2fVRTaACL1wk9Ctky7Qv0x5+dag5uqf1TzqHC7D9wdEQo1s=
zdGJKRyGyA6UpgvTph7VwIYgOMJxdxrhIlhu8h+NTGC6inBoGUOuRp4Q5kiXqlKcJYHJ1ssdo1g=
18z/DRUaonOJChKG9NRHUDT2+FW7pmre2fVRTaACL1wk9Ctky7Qv0xp+dag5uqf1TzqHC7D9wdEQo1s=
2hmAUmVhOE1uDtLyC/HaZoYgOMJxdxrhIlhu8h+NTGC6inBoGUeuRp4Q5kiXqlKcJYHJ1ssdo1g=
agTi38dN9EH/euZDS5UYyTJ6jpI5qKiSoOk7O2MnNTNsiAwY7KPO3M5xzuhvMqWx4TdzTlrOmeC4juCJ1rjqmq2CWpPSFyagjmClorqXRGRwXr1gWnt+VJF1S398/lawGI69Kojo5zr+PiN4QiKp28EQT1+jFg==
tAw0+Es2oEA+Af+RZ0jC5OnvkQLpo1JW+D1UKGQlNoCJ1rxBY7anyexi98l+tUY7+FpmQfHnIfnSke4/Z8l2cLrbSnygZoD0b8M5A1zx2pFqBQlFPzpzQby219vcUsn1iE4vvdgtM2xKSyMpdo9/vomKvZq6WCm33Hr+5EiatU7IjG+urmoLfGLmAU9RxIe7o/I=
+RWa1GXo7qXt+WSLiutrs1al0q/785Ve+Ze6stJdIx+00f7EyZJ0tbMCz61Mhh997sHOv3je7jVhU8kdcvWGi7c9vjT6n4KIcFLokE8n0TdMhdKVagEBMS8Om6Wc0r/vDKYBscgK50kImVsI6q/Lneb79zoJDjXuKuzBU3wellCYbn0LiMinWn5eYxhCAul7QbCPv6P2
6vt75edDWut1nRqUxqOsPPdE6EnXTtczpoJQN9sPkNe7LQHlDVueXajTS1yFWT8WGzMDghUKUvcQtaJz1MesnhrcyOT5sjWSYBH/jBMc6/BU8AOg/dwCpea5zezr6vNTj/pkJz+UETOa+X+jyv7a6U4qCJzM6p+BreVk+wY/6tctM/egH3+s1GNdhHg1uyi8a6swl7+yekn3jw5FY9BJGNmssgKFSYxYCqLQcIlBKD7reIYQx+ISJBUp6U7blaOg
goqpAkFdXYkNrkCfc2ro7h9RJGtlG4R1EMA7SqatisBebDV5AQIYL/VlNCQtgZhKXqwemD1IaA30E/TKrug+Y9IMZaosVEXMBaIph+xvcgg6EFQqQkcM48mh7MTpcTo46VOAONnRJFSusdHCxJW4AiTVWykt0/MGi9t6hAW4JYxBjxqYu7FXgklpYUoJF35Fz42+o/U=
qYzttTgAAb6+G6zP2tcUGxB7w1Kv3QGxzlRObqgAP3Lwadcy55qXF39hsHOxmeXX2aZhCR544isf/fy/al6p1JiHyzwLB9wQwz/Gz/rFuDhip7mNrReCw/opP5Pq7tqZrnrILGx6H3HNNSTLJi/qp81jNxC/7ywkA43ESBWrKMyL+/AnHyL6uZdfTnVDwEloOfxysiXZDKhqcpBAqVEoTgsoRqBncpLUdfmpfvuFo9A=
JcVkkwUZvkbXKc/5RJ18wduTgXMGJUWMxlA8sdej/8j0QiFZ/shiu7+NPG8KbqnEuHeLbOu3XIBjTwYfmvW4KEJX+d1NpwJTWln/Q4re2omOioh8jMqf4W1F5BtGH+q37ZN3QF9frLSj/QSYdZso3KsLsHf/knopNy+OpSPwSXgZDDLixWmMOMoCUJDJYSheK9gG8IfCEkTViWmum7WjwA==
Z/UKsFX8oCgR8PNdoC7MHdZmBD9Om9geeL3Cp/v7hWbZb4r6kpXTp9RJbkxJGuQtU7q/5YxOLwXO2d63eNb+LUEr+dWyvfYzV6UuvHoXEhAQ6hhYD2/hz2ydwp1qCREpD/ar7dwaT1dsPpE5SIJ30eghK0AqZ/vlxuPnMgkGJfYKlPGbvFbm6Hj27YMIQDfCHuaT0AJK2YNhqJ+3o/4=
D+Ek/MOESuqQjlgISp89DA+ewy7QctQXm2e4PG6j4S089FFSWkiV6tFhsyP8LnagWH4dW4gYR0o+LgMowvLJywGgL2+jJg==
vcZUaKFrUKVYMr+7eDO6OQ8ppuvlKbNgzVqOF+Q6ueYUV7yon6s/+ucrQ42ywdak6TDhnCXXJlhHaXMSDWHNquXf+jWrNWKjKQ==
tWLok3Ef/rsIT8rQlM59jw8qpuvlKbNgzVqOF+Q6ueYUV7yon6s/+ucrQ42ywdak6TDhnCXXJlhHaXMSDWHNquXf+jWrNWKjKQ==
mi57AK1FfrGvWc4S9bt8hikFhbdm5hhiED4MWyvL4NAOT3mBjHjJ3trEDWZhzSvPnMIuDOgyxRdIVJ8GDgJbxKIe0ecxrDdjoyo=
aW1Ntv91Ubfq3NSRQm85S5wFinpShUtEvq4hDSOE/4nRUkElUpK3nMVBh6C58gJnOILtBiBPQPjTQ6t6c0OPXc7Z4sQ9iL1sqX/SGHOBfyLRGRkKkUdGZWcddqM9
On12TUv3fjIPp/CwBp9ewAzF4c1AA2nU0XhUoOYEMAQYVSPJ3Mb+JV2/1IqFGBqe+QjJb7c5DEiqkhCgabEorsvIxkCnkpI0tRkpnjtlozA=
pv3J52Z7Bsrjtsv5D2dFZEUC6MF2JQ7JG2X3oImS0qdIYl2GsO8QOOMju3pjo78dHnlyRI3oTSz5n+IYg6Ev4mG56YoBpxYllz1moy0=
3sFjJ+B+gmjZ5/WUoZbzsykfg7V99BhiED4MWyvL4NAOT3mBjHjJ3trEDWZhzSvPnMIuDOgyxRdIVJ8GDgJbxKIe0ecxrDdjoyo=
JzLq0wIDFBh+Eo62pBhnoK/rH6HWo+Lsj2nBga6AokMP5Zz3muYpfEjf6zQ7fxz4U6cmB4r9uBAyfxkFHe/Cq+oxX9saVloxfiLoJFwC35ldrcQDVhfqj527l5gPF2xME5WkAOUTqGRbo9AvL1o6UQfHrr0z+ElAaSTSOpUhTMB6avAIWemo5ttwZqhXClI85WFJtou9o/g=
/AiGWdOOW7dtUKmrYmPrHinn+gc8stG+7/iNeMl7op6ycfvzhJ2mCAleLPkD7hcBLCqHkV5NVjP4Una50b9RsRJZXmcHceb4OlPaxEC+MLwvC8nbfInKmWoNGT0f4oOJ/P5nAzzqWX0Ixr8FuHWDpIoDU3FWd2+2iYKtYpoAWf8csk68KCIlx0gE/xZOsrs0Ii7xl3G8l7Oj+g==
ogR/UUWO4MK+TFyMxQGNd8yYsMMDR5CReUY5ZX4F1lXoEGMKHl1SYDbcvfmJcrDPLdVMZPVRoCp2vBaYNVhA7cxDrApWWGYDevztKqTkrWxd0pFHND8KKNIAXCpKV+TDsfE0BFEBYpgB4wi4USGMNPYBKQKcxYDiDMVTKSXD22azC6LEfQj9bOn/khgzAT8ikZnZClHHhmWnnbaj/Q==
cGvF23Fl0d8VRHEIPPQ4BQ34bkadtzpqb2luBcBN/hwVOuhxRHgQMJuZr56Wl3v5ulSDHXbyMPDQWPMUBjUaD9q6oPQwW9wQS0oCCAv0y35n90KznLBUjNqqzNtiWyd9QrSnrfQApw+u2PfNKmygrd+y6olWOkqJlenjj52+ZUfU9IskqzTPE7R4Fe0ZOoe1Lzony5B9oZGwo/s=
lngJYnc9hP+/NaJYTn21Alqx+kifPJNZyHKlMnTwpCs591BZNwyE/dZyuDP8LnagWH4dW4gYR0o+LgMowvLJywGgL2+jJg==
zYyaewyKx6c80A2ruFKkjVqx+kifPJNZyHanPHTwpCs591BZNwyE/dZyuDP8LnagWH4dW4gYR0o+LgMowvLJywGgL2+jJg==
qOaDrxIwih/pi2gQ+FdqG9ApLfPf8Nk7NSXrXwRqVSEQUOPE7CwPvGprYuC/x+9xGRDGPv0zeZpdrLTxrhNnX8r/OUEyz+y/lcU8SKwksWp4PPk8iTq9JxjXPljm+GAqdq/Qs4UZGGR96bbIVTvU+A35WGSiqcWi8G10Unh9r6lZey/Wx6NOZBGgKby9p07Yb1nr8sXx9ep9r7KVk+WKo8E=
mg5mZWqL8WeSr8Puvuo4o5dW/wLJQ/Agt/t9Y47JX////zl11i4dZHk0Y7RjFLdDjPjtPaFazyUH+s/72B25IWijIw==
CAajMO83EZZ6ECNSva0oZOX9GLvNrOXvzHSElo/Jo04J75z3muYpfEjf6zQ7fxz4U6cmB4r9uBAyfxkFHe/Cq+oxX9saVloxfiLoJFwC35ldrcQDVhfqj527l5gPF2xME5WkAOUTqGRbo9AvL1o6UQfHrr0z+ElAaSTSOpUhTMB6avAIWemo5ttwZqhXClI85WFJtou9o/g=
6PbPzwIq7aL1GNdzaa3LETT2+FW7pmre2fVRTaACL1wk9Ctky7Qv0xR4da05uqf1TzqHC7D9wdEQo1s=
aXFk+m7fWqWZuxPTpsrfNoYgOMJxdxrhIlhu8h+NTGC6inBoGUmoRpsQ5kiXqlKcJYHJ1ssdo1g=
Duhbk1Oiu6+5GCKjMGmez9t4EyYSiivceH98c/+vVjqS5Caug0gOXlrg6JCThgN2aihKBv1Y3AJP6Tz75Wuh8wFbfDgBCxj7n/LLQeQiaqCc4m6saJKF+U40X6aOopvkov4Rh7FMd0OjCg==
CVn/gKIMCPE2hDyhW5KSV8rmgzagdknn82RFyFPR0nlDamTtXZXa9vBV52+gnh42HrCi17cgG4PrfBxx42JJqH1T5SeqjiOESaq7UIWWloEpImLAWSLyUPFdsQOQtxOuug7u082RusPoDWaVPHhaf4gEOajWVQRlf2W6BEi79CCDysp441RzTn83OmOEkPwcEqoES8p7P606dL+dTKBPf2ZYP/0CjNhdx3JS2U5aohld6asf9V59l2y0k1RTVOcj/f9dHHGaP4U3et+biF0JAfijsw==
lGiYHafc4lgxfCMZOvyT1jK9RxRvrFaG7XR3n9Pu9lu9kKUG6whEXWDSJq2xqUKZ33lNWaL4Njo6D6kMzzvQlzKORz/DC8yWFehfmq1cs46QjS8iZMxfOsRc522nb6avdYKcbsj/q0mMrz49MFkKIJwzzsR/5BANsqkp1Wxo/mOSjCWqbNSFzMUi6Yes7zIIepCUKoLHTOOJIazEKfH6OCnTwDiZUWRUbjERwgQV+AJkVRsp7VMzBktbOoRFOGWMgQ/bn3swF4IJ6SFKyZe+RQ8N/qO1
xylFgnCLjl0Jo91Z68ZNJ2IaPKz68U6+s7uPQiaMhHKxbcWgqfs1rS1JPQjJ7GDzhekFBRC9kMvgRLkp/Uw72hHzz1K5XwKoftAiNNY4EhUDqKLlTty+Sdp45S71HSPgPAv+eW1Y/RFZkaXJ86HcOZ0pZN4Gc6lfz5Y9BdIlDydSUhq9plYYuPQm/3UledS/3lPqwwUPp0Rn8wxgqwF0fC2XaGgDV6AzB/6aPf+TPoE7PMmMcRBiZn1FrGxCfqD0EezvagIEljT/LnLQnbVZCgP5o7Q=
6Yrv9dXbBIi8WIq+flDnAmIaPKz68U6+s7uPQiaMhHKxbcWgqfs1qy1JPQjP7GDzhekFBRC9kMvgRLkp0Vs70w392FK5XwKoftAiNNY4EhUDqKLlTty+Sdp45S71HSPgPAv+eW1Y/RFZkaXJ86HcOZ0pZN4Gc6lfz5Y9BdIlDydSUhq9plYYuPQm/3UledS/3lPqwwUPp0Rn8wxgqwF0fC2XaGgDV6AzB/6aPf+TPoE7PMmMcRBiZn1FrGxCfqD0EezvagIEljT/LnLQnbVZCgP5o7Q=
uDVW3qMD9oRTFMyQZ9ztnSQc5e7WOA7n1CvdZh96oTD1rV0HTEuyM4DXuP8Dy22p7BbOLNBukuCfW8hKf1a0twOq996tsJ1B6oJiJhImIjYK7w+uoudKIrZDJm713OEz2/oQ7d5biQbV+wWnVZvHb4QDUW8kHELNYRVzQG23Bku3/T70+t8CyHASaFBP51H3TMVS1WpBgXEvzhtlnBI/rwzmgfHIymeJCFnbSOrvS93mO3f6Cc61LiqsQRN8XhaQmK79yo+IJhp+HuPYQsJpu0HwD/+jtg==
tNYkLPyeWklATBQ+za/nb2IaPKz68U6+s7uPQiaMhHKxbcWgqfs1qy1JPQjP7GDzhekFBRC9kMvgRLkp/Uw7xAzyxVK5XwKoftAiNNY4EhUDqKLlTty+Sdp45S71HSPgPAv+eW1Y/RFZkaXJ86HcOZ0pZN4Gc6lfz5Y9BdIlDydSUhq9plYYuPQm/3UledS/3lPqwwUPp0Rn8wxgqwF0fC2XaGgDV6AzB/6aPf+TPoE7PMmMcRBiZn1FrGxCfqD0EezvagIEljT/LnLQnbVZCgP5o7Q=
Gliy3LXivotW2ncXrpdAVyQc5e7WOA7n1CvdZh96oTD1rV0HTEuyNYDXuP8Fy22p7BbOLNBukuCfW8hKblC2oge+996tsJ1B6oJiJhImIjYK7w+uoudKIrZDJm713OEz2/oQ7d5biQbV+wWnVZvHb4QDUW8kHELNYRVzQG23Bku3/T70+t8CyHASaFBP51H3TMVS1WpBgXEvzhtlnBI/rwzmgfHIymeJCFnbSOrvS93mO3f6Cc61LiqsQRN8XhaQmK79yo+IJhp+HuPYQsJpu0HwD/+jtg==
35jbYOtVNsT1rRLn33AsRsrmgzagdknn82RFyFPR0nlDamTtXZXa8OENv3+2lUppGbO3/vFDXMH8JAsx51BOvmhO5SeqjiOESaq7UIWWloEpImLAWSLyUPFdsQOQtxOuug7u082RusPoDWaVPHhaf4gEOajWVQRlf2W6BEi79CCDysp441RzTn83OmOEkPwcEqoES8p7P606dL+dTKBPf2ZYP/0CjNhdx3JS2U5aohld6asf9V59l2y0k1RTVOcj/f9dHHGaP4U3et+biF0JAfijsw==
HKuKccDL5Ws0sQBNxx7BOcrmgzagdknn82RFyFPR0nlDamTtXZXa8OENv3+2lUppGbO3/vFDXMH8JAsx7kNEo2hM5SeqjiOESaq7UIWWloEpImLAWSLyUPFdsQOQtxOuug7u082RusPoDWaVPHhaf4gEOajWVQRlf2W6BEi79CCDysp441RzTn83OmOEkPwcEqoES8p7P606dL+dTKBPf2ZYP/0CjNhdx3JS2U5aohld6asf9V59l2y0k1RTVOcj/f9dHHGaP4U3et+biF0JAfijsw==
sHetIuL9xpHZPlac72CHfdiGT7MnwVFqAcMi4usdWCeVkUtCgC2/GUWwRJ3C8/oHmV7R6n7Ih7ppOpaKrfpesJH8bsviOBX4D3MYRmHAg/qRtKe+ZJUjImjUqwrQtNsNe0fSf6H6UK6ER38ZOEdinczxntAoq0JE83ykfSYBVXWwAEqzxjTp6iAs0ZwxCrVnkIcmOA6ImCqO3zjTnUmQJHXZDmh9K4x4VekwhNpZzWJ4vWxy0M2XqWHLh/bf88YkGdDR3FW3l1+3SMNSfcH9KvV/qnX7FfKjuQ==
vbRnppV5GqdGyrUo6C9Fzikfg7d6/hliED4MWyvL4NAOT3mBjHjJ3trEDWZhzSvPnMIuDOgyxRhLVJAGDgJbxKIe0ecxrDdjoyo=
V/tx51wszVXLOx81Ik3dNvvc+OzSru1DATvK+KpkW0/IybLPeNH/yNpozXGuLXB3jYe0YrUAGpbp4+ZDXWFMgPoq8MjZJqsmVLBm6NdKUnxlIUl2C32jOA==
ikhthplSSWv005n0CFLOYA+ewy7QctQXm2e4PG6j4S089FFSWkiV6tFhsyP8LnagWH4dV48YSEo+LgMowvLJywGgL2+jJg==
1g3Nlb7hHCwSrK+A3fBHKy5Eges5eUdgm8Cvb5ABk2W0Il6ZxctEBg2cmgJBnDkDH51stPImwOyh+W9yvBz2bE/2sgit7TmSM2GjLA==
jqIb/eMp4PZ8OMgTCaokTSERlaJSYFjHH1W4ot2bwbUdTGzIqu8QOOMju3pjo6wSGmNyRI3oTSz5n+4fg64v4mG56YoBpxYllz1moy0=
e4vN/9aA6qaMvgDdnwPGMw8ppuvlKbNgzVqOF+Q6ueYUV7yon6s/+ucrQ42ywdak6TDhnCXXKl9HZnMSDWHNquXf+jWrNWKjKQ==
Pb4NYOeNXfz4dhJ2/q6VVBCokB42BpOeiTVZH49QCvLPkYwzi2OwKE53qelsUPnG2tw9ToGl+/fcOn6kSFo1g8/M4O6uqou8YiaBD1GEB3ujMg==
XOX270rTEhv5yZZpBqaXmGjhoud/c3PLx3lYrocNblgRRDGc8vewP12/1IqFGBqe+RvGa605DEiqkhCgab0vrsTIxkCnkpI0tRkpnjtlozA=
GITglA+75Q8nVTtDADuwRA8qpuvlKbNgzVqOF+Q6ueYUV7yon6s/+ucrQ42ywdak6TDhnCXXKl9HZnMSDWHNquXf+jWrNWKjKQ==
Qx997TZq94mPRJfsrsoj/xCokB41BpOeiTVZH49QCfLPkYwzi2OwKE53qelsUPnG2tw9ToGl+/fcOn6kSFo1g8/M4O6uqou8YiaBD1GEB3ujMg==
5xzMv1UrQKk0sbfgyBqF3Wjhoud/c3PLx3lYrocNblgRRzGc8vewP12/1IqFGBqe+RvGa605DEiqkhCgab0vrsTIxkCnkpI0tRkpnjtlozA=
q8VqDHNFG+47S2e4FzPDSEUC6MF2JQ7JG2X3oImS0qdIYl2GsO8QOOMju3pjo78dHnlyRI3oTSz5n+4fg64v4mG56YoBpxYllz1moy0=
VMe/18vpAyxndwIahuAnVlIqPm5zWyt5XP3KrnNWPOG57cVjb7XOPh07GIvruwBgjr/ZMUwo6c7a1C02oX2LPxxyznwo4qULT0RwVk7yO3QibnFXcXwXc6M6
uOaABSs6DUM/N02xTDanuy9LOx1gf25hW/D87x0aNvH2sKYafumbES96OM69vAxVwKXZMUwo6c7a1C0lrnmRPxxyznwo4qULT0RwVk7yO3QibnFXcXwXc6M6
OsaHnnRMqvXeb4j6M0wuDQzF4c1AA2nU0XhUoOYEMAQYVSPJ3Mb+JV2/1IqFGBqe+QjJb7c5DEiqkhCgab0vrsTIxkCnkpI0tRkpnjtlozA=
cMGqZV/TOrCc/w1zTS7XoE4s/71KXKIe4uDb6uLo2mp8Djv0v7enfi0dV0D0UTwjGYXjuXxWfpW975R6pQgarpnYCR8XqYz4SsJQUEmtL56kGAYwBwIShFVJaW4bdaMA
W0urAX/XTCBnw97pFvToz8Ko1+uSU7z11JM1BbVAGHQZk7SCozFubXC0/uubx3LFrwKPMBTV3piA/QkZLAAZ9trs3Q3OUUFnXKoeFIgKFXPPvMA+7hprLOK2IX+RVGdLowI=
XvF//+sGx150cSwo3R5jCikFhbdm5hhiED4MWyvL4NAOT3mBjHjJ3trEDWZhzSvPnMIuDOgyxRtPVJAGDgJbxKIe0ecxrDdjoyo=
8piHx90S9meBI9HDwg5K07a2kS9c3uv5QHxJ7L7RN/88DHbDI5nzvQR6nsH1EyQePYSaGnGEWdsvxazsQv6gdBFh7+oMhJa0/65yUJ01WYoDeaM0
XoAkCvLIsVopVMwLEE/aG+bXogHc0QId45GzHnkUYI3kvWEoKx4s1DCHW1bnceI0qfjMAxYgFQ/tujUPWoqcjxT0S6RrNI+T+H9VYlk6xzVvOmdLUH1hEXCjOw==
xmxQoQHFlVS/i/XmvqMtRSkfg7V99BhiED4MWyvL4NAOT3mBjHjJ3trEDWZhzSvPnMIuDOgyxRtPVJAGDgJbxKIe0ecxrDdjoyo=
6q3LfpDYV/3KRBRJQ8/lkLa2kS9G2OniUnxJ7L7RN+U6Dm3RI5nzvQR6nsH1EyQePYSaGnGEWdsvxazsQv6gdBFh7+oMhJa0/65yUJ01WYoDeaM0
gjYtjfiBXLuR2ioH9A/Hz+yBbQs7gIy+DlFKza/0ZSbiiB5ndVDvS/c6p4jiH3gY+1OjentTtDLyE7qExTjljAEPVp/7PpeCiemhSkmXPkWPDX6jNQ==
0RdYyt1wfhKL6wbtiQZrnOxEncJnCC4W2XJmTDpdfp0VbymzpzMaR2NgWBYSJnbIpuS0hJDpVQuzQJ//nqJyaegjfonk6qm1kHJePxVlGJhxuF1ErSjtrFlfyh5jbk9igfmJiuHntqU3fUajDQ==
JM8+Rjo6oIyU8/zsaqBCtbSz5pxai8NiUnIl5BYz3R93Gfk0sdJrkmFVC6qmm9ZPXCF8dwofLPWL6pdK1ixvEyj17Wmd5fFxWEZZOdQ9X6i/70zA9hYMaOoykAApkS+Oj2lG4OeykhT1uak+e0WjEA==
a0nXEQZ8HUEwe7GE51jdCOxEncJnCC4W2XJmTDpEO9tMdBf6uxBfV3NEGxonJinP9bGrkofsZ1nzJpf/nqJyaegjfonk6qm1kHJePxVlGJhxuF1ErSjtrFlfwh9jZU5igfmJiuHntqU3fUajDQ==
zIez+FQ9eMCW5UeLqfQZkoLKJzMlI3d/0m83SDzJkhSLskURbkauLiZO2aBOKXeP/8jNH0Vpeh4FKgEXT+XuVf4/dtOQKTvd34mV0vCqqa1sod8sN2PcNG6qrAyCniDU0UbvysYlFtQ/TnIw3dXZKkNZoxQ=
EhTwWyS6IXIXMPEF8bEZOaEahWA/2hlXc0VVlX4eeDTEnA6TunsgMDnTfpbmNZxhXmzN4cLJ04OQtsm3h1lsIURK+mTKhkAmoKdaXxMXWG5bXTLGBH9PUTpwg7xnVNdM32SbqxO7+RfM6jMdc1pbo8TNFUlcoxc=
Pm/AMSbW0T7SsyR+i8fNoVSmdOxHYiD2vidD1J6Mc+C7LFl3zja/ZLHgSTydZ6LbzxqKcuUxFerd79IVsyVqoyE=
5/KcZBhpFsJluYr0XinBdRkg1ohvMgffWlSluprblPNCbBzL4u8HJPoU/2A3tL0HCn5jRI3oTSz5n+4bg6Iu4mG56YoBpxYllz1moy0=
KotVdVHmqUgSRjnoRLrvKAUoysFwJRbeFUP37NTVm/tDYF/A4u8HJPoU/2A3tL0HCn5jRI3oTSz5n+4bg6Iu4mG56YoBpxYllz1moy0=
Vli9MXHSp2Mi3t0Hi/NQNxEv3cEhaRDODkS4vdDVm/tDYF/A4u8HJPoU/2A3tL0HCn5jRI3oTSz5n+0bg6Iu4mG56YoBpxYllz1moy0=
vjqNaj07vogsMn2HVXTs/Rkg1ohvMgffWlSluprblPNCbBzL4u8HJPoU/2A3tL0HCn5jRI3oTSz5n+0bg6Iu4mG56YoBpxYllz1moy0=
k3H8jTU5s88m6Og+1UjB2GC0doAe7cQR7ZgfMaObtQV1NA/Q2ZCGBl03rtxlTIYRoZNZVD0QIJudrICwLSDlkMcPEAqhlO9c10RDW787kaYUCjsNCxqDU0xtbRl0oz8=
U6CuTcaxvMECWyHW+Zuyp20EnqYvsmIkFmdLEnfA4tJIHXmWkGH+msCQGmR72SzenMIuDOgyxR5KVJwHDgJbxKIe0ecxrDdjoyo=
KWKRSNBFZORpzUSf4523G2C0d4Ae7cQR7ZgfMaObtQV1NA/Q2ZCGBl03rtxlTIYRoZNZVD0QIJudrICwLSDlkMcPEAqhlO9c10RDW7k6kaYUCjsNCxqDU0xtbRl0oz8=
U6CuTcaxvMECWyHW+Zuyp20EnqYvsmIkFmdLEnfA4tJIHXmWkGH+msCQGmR72SzenMIuDOgyxR5KVJwHDgJbxKIe0ecxrDdjoyo=
L0H1CQXGE1EzDUsEuRgCt2C0dIAe7cQR7ZgfMaObtQV1NA/Q2ZCGBl03rtxlTIYRoZNZVD0QIJudrICwLSDlkMcPEAqhlO9c10RDW7k6kaYUCjsNCxqDU0xtbRl0oz8=
SUNRGo//t1aTp7TKKTf/ydt4EyYSiivceH98c/+vVjqS5Caug0gOXlrg6JCThgN2aihKBv1Y3AJP6Tz75Wuh8wFbfDgBCxj7n/LLQeQiaqCc4m6saJKF+k80XKeOopvkov4Rh7FMd0OjCg==
VBg9pBCKZL1HHVLop8VRWKEahWA/2hlXc0VVlX4eeDTEnA6TunsgMDnTfpbmNZxhXmzN4cLJ04OQtsm3h1lsIURK+mTKhkAmoKdaXxMXWG5bXTLGAHZYVjpwg7xnVNdM32SbqxO6+RXM6jMdc1pbo8TNFUlcoxc=
4EMm9OW73CCySxRHC0jE56EahWA/2hgMJ19CnmQPVTToigaWsltpXijLPIH3NoFWLSPWtdONmdyWts+xp0VxBlFE8UKNxjYuoKdaXRQdWW5bXTLGBH9PUTpwg7xnVNdM32SbqxS6+RXM6jMdc1pbo8TNFUlcoxc=
/CEmxoyWemOdVRDXi1EMblSmdOxHYiD2vidD1J6Mc+C7LFl3zja/ZLHgSTydZ6HbzxiKcuUxFerd79IVsyVqoyE=
5bS2/JxJgIO/RAmu4OOmZhkg1ohvMgffWlSluprblPNCbBzL4u8HJPoU/2A3tL0HCn5jRI3oTSz5n+0bg6Au4mG56YoBpxYllz1moy0=
TrjYVkQFCziFbvNE8O1KQQUoysFwJRbeFUP37NTVm/tDYF/A4u8HJPoU/2A3tL0HCn5jRI3oTSz5n+oag6Au4mG56YoBpxYllz1moy0=
S0Z56WYETIJZQVL+HoMndBEv3cEhaRDODkS4vdDVm/tDYF/A4u8HJPoU/2A3tL0HCn5jRI3oTSz5n+kag6Au4mG56YoBpxYllz1moy0=
/A7CZwZv9rThPPN+87RysRkg1ohvMgffWlSluprblPNCbBzL4u8HJPoU/2A3tL0HCn5jRI3oTSz5n+kag6Au4mG56YoBpxYllz1moy0=
GkSwmSdGyJ1Rq1jJNZtBjwUoysFwJRbeFUP37NTVm/tDYF/A4u8HJPoU/2A3tL0HCn5jRI3oTSz5n+4Yg6Au4mG56YoBpxYllz1moy0=
fRI3cFLfwkgiWMtZ0PNdXBEv3cEhaRDODkS4vdDVm/tDYF/A4u8HJPoU/2A3tL0HCn5jRI3oTSz5n+0Yg6Au4mG56YoBpxYllz1moy0=
8DsIrHISX31r5uNpbfOCARkg1ohvMgffWlSluprblPNCbBzL4u8HJPoU/2A3tL0HCn5jRI3oTSz5n+0Yg6Au4mG56YoBpxYllz1moy0=
8jsDREf5PgskyRRhH1PFY2C0doAe7cQR7ZgfMaObtQV1NA/Q2ZCGBl03rtxlTIYRoZNZVD0QIJudrICwLSDlkMcPEAqhlO9c10RDW744kaQUCjsNCxqDU0xtbRl0oz8=
sgjTUZqFg/XWejgwY10INjSJna8VHPzyzgc4Wy3AjeYsjS8rN4jzYA6Hk5Ru7GPgq8wpt56WD+QhgLl8TUee2L/42rJVkYVqLY8CVYMFeqMx
RBlO69zXXGGv3hz4oEfBxG0EnqYvsmIkFmdLEnfA4tJIHXmWkGH+msCQGmR72SzenMIuDOgyxR5PVJ4HDgJbxKIe0ecxrDdjoyo=
oDwUmU/i2WNZuO6BCJCtQGC0d4Ae7cQR7ZgfMaObtQV1NA/Q2ZCGBl03rtxlTIYRoZNZVD0QIJudrICwLSDlkMcPEAqhlO9c10RDW7k/kaQUCjsNCxqDU0xtbRl0oz8=
dRxHuSYLnVJ/zb6AnTf83jSJna8VHPzyzgc4Wy3AjeYsjS8rN4jzYA6Hk5Ru7GPgq8wpt56WD+QhgLl8TUeW37/42rJVkYVqLY8CVYMFeqMx
8jjYTybns5/5i+XXMWVK+20EnqYvsmIkFmdLEnfA4tJIHXmWkGH+msCQGmR72SzenMIuDOgyxRxPVJ4HDgJbxKIe0ecxrDdjoyo=
Pv5EQhP8ExECWswR7HVsSWC0dIAe7cQR7ZgfMaObtQV1NA/Q2ZCGBl03rtxlTIYRoZNZVD0QIJudrICwLSDlkMcPEAqhlO9c10RDW7s/kaQUCjsNCxqDU0xtbRl0oz8=
eDuV4K+Tl1MogRd+kf4mazSJna8VHPzyzgc4Wy3AjeYsjS8rN4jzYA6Hk5Ru7GPgq8wpt56WD+QhgLl8TUeU37/42rJVkYVqLY8CVYMFeqMx
Xawg1kdilpFq1/la6OIXRYLKJzMlI3d/0m83SDzJkhSLskURbkauLiZO2aBOKXeP/8jNH0Vpeh4FKgEXT+XuVf4/dtOQKTvd34mV0vCqqa1spdY7MGPcNG6qrAyCniDU0U3uysUmFtQ/TnIw3dXZKkNZoxQ=
Rh4ajmiBdfRTMENYKyfC/XYhz4R25fHev+47I3AxcnYHzktCrbbC+I8z6K1vIqGAoAgnAQiSxdfylPm8kaXbi5bPUpnWMXT3iXGB5PeARGRxV6BnH25zHZR+Unx8/lawGI69JIvo4Dj+PiN4QiKp28EQT1+jFg==
9tx7EQiid9AtiaoEaJQZh3fv7ipaqOAZ04u9/RvJMG4WaGokoE9Um86sl2vQEI5HCe/Q1EN9TEldHB4ORysJKQK96vJU+CRmrvoOH/QDfWcWMhXl/BrKv4GN9EjN4CkkuRDxXLV3+1oXDuHSHQEdKlW/yvUbVVKjGQ==
VbWVAqrzc2m6mYOdWUgmAaEahWA/2hgMJ19CnmQPVTToigaWsltpXijLPIH3NoFWLSPWtdONmdyWts+xp0VxBlFE8UKNxjYuoKdaXRQdWW5bXTLGAHZYVjpwg7xnVNdM32Sbqxa6+RLP6jMdc1pbo8TNFUlcoxc=
HkhKXK50CZcQvF0iD0DnF6EahWA/2hgMJ19CnmQPVTToigaWsltpXijLPIH3NoFWLSPWtdONmdyWts+xp0VxBlFE8UKNxjYuoKdaXRQdWW5bXTLGAHZYVjpwg7xnVNdM32Sbqxa5+RLP6jMdc1pbo8TNFUlcoxc=
p23b2WG7M6QqeOGDY774kKEahWA/2hgMJ19CnmQPVTToigaWsltpXijLPIH3NoFWLSPWtdONmdyWts+xp0VxBlFE8UKNxjYuoKdaXRQdWW5bXTLGAHZYVjpwg7xnVNdM32SbqxK4+RLP6jMdc1pbo8TNFUlcoxc=
9GzKTv91widQLFXyenaq1Cgfg7d6/hliED4MWyvL4NAOT3mBjHjJ3trEDWZhzSvPnMIuDOgyxRhLVJsEDgJbxKIe0ecxrDdjoyo=
azNg/OPadjVExefTQ0mDwvvc+OzSru1DATvK+KpkW0/IybLPeNH/ydpozXGuLXB3jYe0YrUAGpbp4+ZDXWFMgPoq8MjZJqsmX7Jm6NdKUnxlIUl2C32jOA==
8UkSOjmMHvHNSvvNTQYylgC4c/lcaFLo9idUyIe7N/rvO0ps1jy/ZLHgSTydZ6bazx2JcuUxFerd79IVsyVqoyE=
9V101iuE/m4p59bom9XFVKEahWA/2hgMJ19CnmQPVTToigaWsltpXijLPIH3NoFWLSPWtdONmdyWts+xp0VxBlFE8UKNxjYuoKdaXRQdWW5bXTLGAHZYVjpwg7xnVNdM32SbqxK6+RHP6jMdc1pbo8TNFUlcoxc=
X+0HLUdT9nBd65WAZshZ8XYhz4R25fHR++gxHSJ9KypyzkxJo4GLzNxm+atad6GmoFZ8Ek3YntHykv+cjbj8npjEdN6WR3z3iXGB5PeARGRxV6BjFnl0HZR+Unx8/lawGI69Io7o4jj+PiN4QiKp28EQT1+jFg==
r38bQXq6JAyzRlIB+jb9mzBczvN7/yItL2pfCHTN7vBAVXmBjHjJ3trEDXdgwSbenMIuDOgyxR5OVJoEDgJbxKIe0ecxrDdjoyo=
S9zxzAq43Cn2KAhhE6HDWnYhz4R25fDev+47I3AxcnYHzktCrbbC+I8qq+ArP62m6RAAAVbJ0JPjn+WrnLnquovEUZ/YHxPnyCHdvcODRGRxV6BjFnl0HZR+Unx8/lawGI69Io7o4jj+PiN4QiKp28EQT1+jFg==
1wb7oxSolrZjgeyEy1aGDXfv7ipaqOAZ14u9/RvJMG4WaGokoE9Um86sl2vQEI5HCe/Q1EN9TEkGSwQZTDEYBAKR/PpR8AQvwOsWRKBfOEsUMhXl/BrOtpaK9EjN4CkkuRDxXLV3/14XDOHSHQEdKlW/yvUbVVKjGQ==
wM7y1q/yHEwj/Mvi5UVL/3fv7ipaqOAZ1Iu9/RvJMG4WaGokoE9Um86sl2vQEI5HCe/Q1EN9TEkGSwQZTDEYBAKR/PpR8AQvwOsWRKNfOEsUMhXl/BrOtpaK9EjN4CkkuRDxXLV3/14XDOHSHQEdKlW/yvUbVVKjGQ==
6+QJj9kdpXAL+Ux5NVMvXCvMQHrWsVZEsysrGFdCg1ULWiPJmzHaxT01QwH6WbDBKBu5ipBaZBlN1Ibdwr7n8O3UpLKoCKwSVoukOznd2YiX7NzIwds475b17JEk0soQHJIOHKhCZe5OJDr0zhJ7FCJOsffxHFdToxo=
aOvFtZ9iykjnLVO3VbmUPXfv7ipaqOAZ04u9/RvJMG4WaGokoE9Um86sl2vQEI5HCe/Q1EN9TEldHB4ORysJKQK96vJU+CRmrvoOH/QDfWcWMhXl/BrOtpaK9EjN4CkkuRDxXLV3/14XDOHSHQEdKlW/yvUbVVKjGQ==
xvW6kE9YrZ7mVzlo9MHEOlZZN5Q46n3B/thQS5XjZC4dlJoKUaUYJ0JELHyijmBEMXTu+ia2VsQfPvLA/cUZuiNpoyQ=
7MP2THC7blS8hcdOAnHlbHYhz4R25fHev+47I3AxcnYHzktCrbbC+I8z6K1vIqGAoAgnAQiSxdfylPm8kaXbi5bPUpnWMXT3iXGB5PeARGRxV6BjFnl0HZR+Unx8/lawGI69Io7o4jj+PiN4QiKp28EQT1+jFg==
Wdjp6wtl/fRQ5QxEmcHSUwG4c/lcaFLo9idUyIe7N/rvO0ps1jy/ZLHgSTydZ6fezxyJcuUxFerd79IVsyVqoyE=
DT7qGuUUpzvRh/NTsWRL/pAeu0eNDbMQgrgkc56ATf/1ui1/gCQcaG00Y7RjFLdDhf7tOKNazyUH+s/72B25IWijIw==
nrqsjulOt73UwEw7X35+ljF2cUySBzCv/Q8U2mVoGo7ZKYiz2tiM2Aoi0PCJyC6+7vqGkMdiEqQVqenO2xWjIA==
0/8ZWCA1jqrXxCnVRiXCewlSINW+v/fSZflNamLYwAtyENF3cTqp9xy0cJAJ1Adsz6QLC0G+KXBfKiN9I9rrw/QNpSlsoyc=
wRLp6EUQlggejTxeDtCHt5Aeu0eODbMQgrgkc56ATf/1ui1/gCQcaG00Y7RjFLdDhf7tOKNazyUH+s/72B25IWijIw==
23/HmpzctdjsBkRVAvfAGlZZN5Qi7H/a7NhQS5XjZC4dlJoKUaUYJ0JELHyijmBEMXTu+ia2VsQfPvLA/cUZuiNpoyQ=
MVqlTvWyN/Dn1Cy+jkIkGlFGMdc+5mDc+eRQFIbhfjcMhdtOU70ePEZFLHyijmBEMXPu+ia2VsQfPvLA/cUZuiNpoyQ=
arX0JbNnDMeXaJV6CP5krB+uc/tIdCC7oi1e1YGxc7/9P09szyysZLHgSTydZ6DezxyJcuUxFerd79IVsyVqoyE=
9fFwTXEqaBxEqj6TXf8DSzT2+FW7pmre2fVRTaACL1wk9Ctky7Qv0xp+dag7uqf1TzqHC7D9wdEQo1s=
z7Ocw5gHnZ1iyMoWH+L96oYgOMJxdxrhIlhu8h+NTGC6inBoGUeuRp4S5kiXqlKcJYHJ1ssdo1g=
Gebtpfh8ddS039bc2aEEX1qx+kifPJNZyHKlMnTwpCs591BZNwyE/dZyuDP8LnagWH4dVosYRUg+LgMowvLJywGgL2+jJg==
7z2EC5qaA2F2gisfF0wDYkRCDCB4FcuBQd/C1SVeIYvuCF2EcjcMQAOKHVsSSG4jgixVqty0lYxVwrkHXI+CyAowRCpSZzwjOUFcRHkRang5s3A46fF0FP4RQUI0NQhCVLVLKT0zA8Y7ewoElRj1TJGvJ5vL0wVCmYnxyrl3DgX/ra6j5Q==
ioiC4qpIE7lqS/9iKnm1Q3M1mRjFp93noeDaZE02kZyGhEg/f/eJC6qevwaHPwDAybzEWmB9AfUsh/dWcHt+oPQd7CSSlgCcgehrYpFuNtwvZjKYTV15YhNxozw=
NAgwWoiJPZrvXzbvleg+SgNa5PIeq3ADdE8tZlrmybgZBhoS2M3LiTHhBvgfpOOR6Hq1CjQINKPZv2BBNxS0tTb6KMu8FmaoeLZtzguAtQAeJhMQAopZQ2FoH3ejPg==
CK6+SHPrAyZoXoVCr9+Egippy9cvmVEZQ08tZlrmybgZBhoS2M3LiTHhBvgfpOOR6Hq1CjQINKPZv2BBNxS0tTb6KMu8FmaoeLZtzguAtQAeJhMQAopZQ2FoH3ejPg==
s3DOcB3J0MgDMfHhPehvxxd+YCxRRiViWuLBrAkSMvb4qeNdYbXOPF9gK8W4rh1ulOycN0kr6MW3kDwhpm6ALxxyznwo4qUKS0R9VE7yO3QibnFXcXwXc6M6
Xgt9bcdu9gSZqYrCTseDWfaEJ1eNrSoBhh6IHc/VDwesVF1eWt65kPkuSkoYFZvhkQm2gJ9cU/lIkmVSdNDki7mXkHk3LESdVtL4E/xOtkDY3t02i/gF6L5OQ8jC0glrgUBvT6MG
qfSorDtGXnmax9CCPCwm0DfV4vL36NM2V8nVOpp5U2epHx8aHX/Ntemwg0BOVRSlRuRRb28l1JRFTytcOzqu3ahyWBdPYmB6teI6BHXYVcwx70eb6xPlwnlJ0crZN26FX21OowU=
FQKwLhWtTALubZw2mFhZAtg7T3IHg9ITLLfToeD/kGnZbYzn1pPSgoAFIAUJSM4/Pd6lg/02UAzPmZjkZInhOUxswMyjkfYzV6UuvHoXEhAQ6hhYD2/hz2ydwp1qCREpD/ar7dwaT1dsPpE5SIJ30eghK0AqZ/vlxuPnMgkGJfYKlPGbvFbm6Hj27Y4LQDXAHuaT0AJK2YNhqJ+3o/4=
W20BJARDVdZ/k6KoXs8mxu3Gqw31jDM+uon+BXMQWs7wtWUvJQdpky/bDlCkP+wtk6yVAxsnDAn68zVKXpu4hRL0S6RrNI+T+HtVb1s6xzVvOmdLUH1hEXCjOw==
WCCQTdVa/8ITTql7bdTv4i/O4PUwNKDVFRghuAix0xWynNv7vPYmCPjWre8LoPXgnobTcAKqGaPhyN8Xo14=
S1U1H0bb5/tqdxL32bg/IjOQLk4wZWgb8X0KNAlZ0pmQKGQIODKN4F4g0l7Hs1mg39ixf1iZRIaawoFzag9zaWoQauiHCk4w/ySfFlsXXpvogECU1qrAw3ZrU1VeVJvFoNBTN+KYOzWePPQFIxJ24eLK3hEZaW8XCc7Rr0hU94x/5Htr9LvZ129qU10TWjvjZE21ibyj9w==
