ZWAAjIeCcXN+NRdssHd0TVaqxbT+5oRj+Ze6stFbIx+00f6rovxyydR8wawLwEpgtNTZuznl5D1mfN0xZ9qzhaw/vjT6n4KIcFLokE8n0TdMhdKVagEBMS8Om6Wc0r/vDKYBscgK50kImVsI6q/Lneb79zoJDjXuKuzBU3wellCYbn0Hi8imX35fYxhCAul7QbCPv6P2
9Pz2++nhcEYlLt9BOgX+ys1T7/sBH7NKCn8zW3ks4YK3FVT1XC6kQPvlVDb6tqFHPRM0atQuk8+6ib8zqs7aue7aSIwsWh9RjZWka2YP6oeNw7ew/88sBEMtROhViyjsy1twh18C+pnX/87VA+BJSHlc8hJl+QyIKtIQ4Ol9K25KjcYBJ1KS9DVZKd67paPw
sLMaX8Yy+iGeEWsbf/MtpADMGXeWwH8TBFOMeIzDnxdsI8KUk56zNBLNAwJ4s7RFzIHizMC6NOlIF9Vd/fOJNFPVpZBW3RHhRPLExBMpJAIHDyPj9T8kvgyyMwuShY/HErIaXea2mBi0Bv9V5dlU3x4z6qPFbyfkp9MMQOuh9Jxtd2iIQ7cgk0femh0/M77h+1zJ7LFw4sa9ZaxMAt4gFFEB64pC4RaVvw5y8F0V2WrDmaPU
jeUsYCAzJxuAqWDZomGQkhElJB5eNMTxqeYDIph6EXyxMSboY53VAP6vmLD3YoH7ruA6c/ZUGeqQjKFcgSpF50CntvgeKEgqXn8oEw1pQKSF+b6oDYs8eKWJAESquf3iqN38ssAtx6mxq5e2TxOWpCmwIZxlV+pbB+g2EszhjaqlXzo167Wio+k=
1VF9yGvX4vjLXQRsIqfTWQUUHjo8Ds1vGtw9SLOjqpBTKXg9VSMrE5xyPVxd+eJYB+xIgGJXfACzKu3bgug+Y9IMZaosVEXMBaIph+xvcgg6EFQqQkcM48mh7MTpcTo46VOAONnRJFSusdHCxJW4AiTVWykt0/MGi9t6hAW4JYxBjxabu7BSgkhpYUoJF35Fz42+o/U=
E5nHJeSca+n/OyYgDfeRlwUUHjo8Ds1vGtw9SLOjqpBTOHAzUywqQZxyPVxd+eJYB+1IgGJXfACzKu3bgug+Y9IMZaosVEXMBaIph+xvcgg6EFQqQkcM48mh7MTpcTo46VOAONnRJFSusdHCxJW4AiTVWykt0/MGi9t6hAW4JYxBjxabu7BSgkhpYUoJF35Fz42+o/U=
5dKP+1tdTuRCpw6Fpq6ZvJaNYA5p1FndVdiVkUE2zXvWEs8hQWwiOgB2iZ+6RL/uf++FghYgabTd9frReDpxfFHxhmjDVjQAnu84MFci4ftOIFrzVpQ56vBMQdwhamXnYOfWeP7oaCp+v8iTbSlgpKW5HijtS1x4hUmgxMp5HeLInVwyYG2nqVFrNzbv03akSfDBHMUXylvnqFaSbCGtqoWf2rWL9YKjyQ==
hKnXCuhy3gtF5IxUei6DOdio4uyDTuufWLTSbjQYApSX6eSw/w31AYSSxCRTSaSiQS8gw7WfpN5MUjNrUmUPZ9KSGn0mFhj4dGb/taW51H9eE+qDhc+nhOczDCArQXQ8rVdoqIMXoHOHvpr9f1M+Qbt8yczx0GKm/YWsLMI+oLSRIeuqgkGWdX9uchAddVnKg7mj9A==
boq8ugu1YPKJ7lCkNJ97WSMpJf53FH0iOF+5Xw0pBz3pj0QQS1E35oieKhEomuH8IVF2qLNwxADuz8hwJ4IRe96AirMGtCnq4KyRnHGK9WfQB2Y4zghYKk5f+NPdydAkNVlOaD2rTHiVafCEGtmNYjg9LHKQTdepoUtH9h9zBiTZUJHcFTfaW/fIBlK8QT0qNf9qdbuVsqP5
7YSegcWRMiCZ5qnsbsPcFQu5z6Ti7ocw45WkosIcPzy03P7ExJIb091r2KQ09mcH/JiL6WCB8SFsFPAEY9mGi7c9vjT6n4KIcFLokE8n0TdMhdKVagEBMS8Om6Wc0r/vDKYBscgK50kImVsI6q/Lneb79zoJDjXuKuzBU3wellCYbn0Hi8imX35fYxhCAul7QbCPv6P2
evZqMkc81YobxyiM3MH9qTFPwX8l2d99kd/s8Mzr8TRFJbKxQMpZPPlhHsiLYswA5t/wkM+ySTtmUGITnsShamgcCfzZWg2niHdOGDYYUCpGTwDz9bmI5M2J5gilG8T4HRloJPIJNSJgDcSSqF3fqalbf5Z3Q97kYQD5fI3HUtt/eJ6yFBFFau0PQlXDhbqj8Q==
Lr9m1qFhLKqlnhZLGFteDCJ6APihBX8KLH8pfQjH9Fk0SgT8YxHEunA2INuFh8SGfIrzs+I9b/9iCprllo54oMS+P22V4bRnbgvqm7XXx9zX68z4mxkUpB3P6DAzj8ArN2ZaJU8LXlmLZMnUwcgC/s1dbPRyZsAsIblrMjLZ9i3PtrLILS050rOho+w=
4P8Q6G2p0DPoCqZf+CoVK5COo90TUNKuOFBkf38D9xLgDHpDUhIkcTub77WJHdahRMJFHIUp2jgv+EGAakdU4It6tRt6WGYDevztKqTkrWxd0pFHND8KKNIAXCpKV+TDsfE0BFEBYpgB4wi4USGMNPYBKQKcxYDiDMVTKSXD22azC6LEfQj9bOn/nhszADoikJnZClHHhmWnnbaj/Q==
MXyzEg09kcVdGOlbXCUGi9Sp7uGaD6LXR6OLY3hHXsaV8KWw/w31AYSSxCRTSaSiRi4gw7WfpN5MUjNrUmUPZ9KSGn0mFhj4dGb/taW51H9eE+qDhc+nhOczDCArQXQ8rVdoqIMXoHOHvpr9f1M+Qbt8yczx0GKm/YWsLMI+oLSRIeuqgkGWdX9uchAddVnKg7mj9A==
V/Dzfjths00xFi5mJpKQfuh7FFRgCp5osOnFGvd0nrXXuFNp6Wx4h8OhrhQUMC3Xermf+z2vISI19qPrzIVnkgpmRb0VI6IQ5O5pFwMMG32nv/rKxa15nmpvOJ+sHryAnCc7/6Yxn7Af0Sswf5VSbvMss+VM4Ck2x0Fsi9I4nbYDq0x08FuckAtKQohL9Iv+J/cCM1ywlAwaqgxbolvn/QK05y20AOeP7ti3TWpsYC0fsioJljqKCVXpow/dviXHlPTLpOs0D5N4e9Vs3DpGNe8650vQfeER8KO7
Jh/ZHxY7Ex04cRnw0ZKv+9gtIfvaxIohOxikTx4jNiNDat/q3TkcrmkuJP+phKVxEQTNHZBqKbxpga6I20w9AZb/IFB/0tm7lvAyU64ksWp4PPk8iTq9JxjXPljm+GAqdq/Qs4UZGGR96bbIVTvU+A35WGSiqcWi8G10Unh9r6lZey/Wx6NOZBGgKby9p0Lbb1ju8sTx9ep9r7KVk+WKo8E=
qLDFG2e4pqZmKXiLOCoymLWuA7/LpuLgmzrbi7KGoFYBxcz636ttKGns910sdmSIK900XsOpoU8taxRCJPbTh+oxX9saVloxfiLoJFwC35ldrcQDVhfqj527l5gPF2xME5WkAOUTqGRbo9AvL1o6UQfHrr0z+ElAaSTSOpUhTMB6avAIWeWr5tp1ZqlXClI85WFJtou9o/g=
kEvLqR5/CClptRyvNuIlj311ehWZHWHPIWqi16PY8QVHV2IV3f2qHmtsizXUAEGhiE6kGzpYBeY7a9SEiLs0oMPKivijVLPOvzd648SQvJzSqsTLint/LXp0fx2MoA//Jlh/fcKMGN2HchJZDlpimZ3p65+1Xr0XrLRT1BNUp6Mw+52ctJp+BXd6HxtIXcmBuKPz
kxmQ4em9191xVdoSVKP9VF5oA203DWdpdGm2Jn8M/21o0K1KHM4wc1YIuT7Pi8C8lMtYiPcKfhAP5C+2K5fOOzhAkLTGqtDjpquD9c7U62UQEKMX0phLVa78BOWTkuaBsgoO8Qlpf3dZjgFP2NRH7A+kS4sEu+n0GCri/ePaq0M0DeWprKPn
d3RT+6WS9jQYA02T1F07ffSWyoeL6vsDHdu41LRGx/c8SK3/bpHR8azkULTjqeY7d+1eJPqP4tgw4ghgz5dxRwzV8oVqESFhb347FRwiX19M9mGhyBoHmcgpO3hqH2ttJivXKgkeFT7qHGHj/G724Fi+nReL2MYPPu+D6MKySQsB4K+vo+Y=
gqyh9qoi0hppGs6Oa2wX9lxoA3w1G2NpdGm2Jn8M/21o0K1MHM4wc1YIuT7Pi8C8lMtYiPcKfhAP5C+2K5fOOzhAkLTGqtDjpquD9c7U62UQEKMX0phLVa78BOWTkuaBsgoO8Qlpf3dZjgFP2NRH7A+kS4sEu+n0GCri/ePaq0M0DeWprKPn
5qVS1soNgi3L/imZ7q6kbvSWzJGX9/sDHdu41LRGx/c8SKv/bpHR8azkULTjqeY7d+1eJPqP4tgw4ghgz5dxRwzV8oVqESFhb347FRwiX19M9mGhyBoHmcgpO3hqH2ttJivXKgkeFT7qHGHj/G724Fi+nReL2MYPPu+D6MKySQsB4K+vo+Y=
6BnbBDOgh40iK0BEbeDMNfSWzYeF8vsDHdu41LRGx/c8SKj/bpHR8azkULTjqeY7d+1eJPqP4tgw4ghgz5dxRwzV8oVqESFhb347FRwiX19M9mGhyBoHmcgpO3hqH2ttJivXKgkeFT7qHGHj/G724Fi+nReL2MYPPu+D6MKySQsB4K+vo+Y=
DhIOpzlg4uOZZs5IIbkAMBYDqJuixQ1blL0nXyVlLhDqC/cPa14fRxZIgquahix27tmuFhdMV/2QcOU7A88og56owa5nSyiMjKsQWA+KxkBHxDdGA9emq4CgWITeqsjTbks7ZaaUw5UIMOtHahizheacHNV7Uk4RyqrGARFpZwcRLvnfcJQv3BdEg9t8O1Ek0Ar6jcsaQ9OMba2ZtKP/
EQI4x/DnuZHfia4S3vlEtCnEcpbFB2Cr2aCs6YFilXPYqMZJztuFtEszcSBnNQWqV4iqaL6b25EFfWSzltuJd58efQ2Cja8PQhqa9bZ+uBCkLr/9dVH0F04b6ouVp4dsN3tMaPup1FQ93+ggE38Am1f22rWvux4pq3TJxOG4Qk4tzexkEtYA3AGpayISKTadryYyWM2deaKTsaP8
