zlkpCdhC/peNhH1q9slzilaqxbT+5oRj+Ze6stFbIx+00f6rovxyydR8wawLwEpgtNTZuznl5D1mfN0xZ9qzhaw/vjT6n4KIcFLokE8n0TdMhdKVagEBMS8Om6Wc0r/vDKYBscgK50kImVsI6q/Lneb79zoJDjXuKuzBU3wellCYbn0CiMipX35eYRhCAul7QbCPv6P2
snxWVxHUq2lJOQhZhfObSs1T7/sBH7NKCn8zW3ks4YK3FVT1XC6kQPvlVDb6tqFHPRM0atQuk8+6ib8zqs7aue7aSIwsWh9RjZWka2YP6oeNw7ew/88sBEMtROhViyjsy1twh18C+pnX/87VA+BJSHlc8hJl+QyIKtIQ4Ol4KG5FjcYAJVKS9DVZKd67paPw
L/dSGCQt1vuI3wgwFVzt5QDMGXeWwH8TBFOMeIzDnxdsI8KUk56zNBLNAwJ4s7RFzIHizMC6NOlIF9Vd/fOJNFPVpZBW3RHhRPLExBMpJAIHDyPj9T8kvgyyMwuShY/HErIaXea2mBi0Bv9V5dlU3x4z6qPFbyfkp9MMQOuh9Jxtd2iIQ7cgk0femh0/M77h+1zJ7LFw4sa9ZaxMAt4gFFEE6IpN4RaUvQ5y8F0V2WrDmaPU
cPeoB8/Nv2oBSziCd2jxiBElJB5eNMTxqeYDIph6EXyxMSboY53VAP6vmLD3YoH7ruA6c/ZUGeqQjKFcgSpF50CntvgeKEgqXn8oEw1pQKSF+b6oDYs8eKWJAESquf3iqN38ssAtx6mxq5e2TxOWpCmwIZxlV+9YB+c2Es3jjaqlXzo167Wio+k=
Q6SCsnrHwSBxxBsdr2AQ/AUUHjo8Ds1vGtw9SLOjqpBTKXg9VSMrE5xyPVxd+eJYB+xIgGJXfACzKu3bgug+Y9IMZaosVEXMBaIph+xvcgg6EFQqQkcM48mh7MTpcTo46VOAONnRJFSusdHCxJW4AiTVWykt0/MGi9t6hAW4JYxBjxOYu79SgklrYUoJF35Fz42+o/U=
ak7POwNUsRs5swJHLS4HzgUUHjo8Ds1vGtw9SLOjqpBTOHAzUywqQZxyPVxd+eJYB+1IgGJXfACzKu3bgug+Y9IMZaosVEXMBaIph+xvcgg6EFQqQkcM48mh7MTpcTo46VOAONnRJFSusdHCxJW4AiTVWykt0/MGi9t6hAW4JYxBjxOYu79SgklrYUoJF35Fz42+o/U=
zRUGlAXujQaLJmk9jm8F/JaNYA5p1FndVdiVkUE2zXvWEs8hQWwiOgB2iZ+6RL/uf++FghYgabTd9frReDpxfFHxhmjDVjQAnu84MFci4ftOIFrzVpQ56vBMQdwhamXnYOfWeP7oaCp+v8iTbSlgpKW5HijtS1x4hUmgxMp5HeLInVwyYG2nqVFrNzbv03akSfDBHMUXz1jnp1aSbSOtqoWf2rWL9YKjyQ==
hoAhr3wfn/QV1/uGXNN2udio4uyDTuufWLTSbjQYApSX6eSw/w31AYSSxCRTSaSiQS8gw7WfpN5MUjNrUmUPZ9KSGn0mFhj4dGb/taW51H9eE+qDhc+nhOczDCArQXQ8rVdoqIMXoHOHvpr9f1M+Qbt8yczx0GKm/YWsLMI+oLSRJOiqjUGWdH1uchAddVnKg7mj9A==
zXOB9CyzNtbIbiz2OqH4lCMpJf53FH0iOF+5Xw0pBz3pj0QQS1E35oieKhEomuH8IVF2qLNwxADuz8hwJ4IRe96AirMGtCnq4KyRnHGK9WfQB2Y4zghYKk5f+NPdydAkNVlOaD2rTHiVafCEGtmNYjg9LHKQTdepoUtH9h9zBiTZUJHcFTffWPfHBlK9Qz0qNf9qdbuVsqP5
a48P6S/CCu8xBPPbTQDZ4Qu5z6Ti7ocw45WkosIcPzy03P7ExJIb091r2KQ09mcH/JiL6WCB8SFsFPAEY9mGi7c9vjT6n4KIcFLokE8n0TdMhdKVagEBMS8Om6Wc0r/vDKYBscgK50kImVsI6q/Lneb79zoJDjXuKuzBU3wellCYbn0CiMipX35eYRhCAul7QbCPv6P2
A7sEt3/h716U5A7e2xaziDFPwX8l2d99kd/s8Mzr8TRFJbKxQMpZPPlhHsiLYswA5t/wkM+ySTtmUGITnsShamgcCfzZWg2niHdOGDYYUCpGTwDz9bmI5M2J5gilG8T4HRloJPIJNSJgDcSSqF3fqalbf5Z3Q97kYQD5fI3HV9h/d56yFRNFau0PQlXDhbqj8Q==
Tx/5r+Csdg6NgS5kK45mkSJ6APihBX8KLH8pfQjH9Fk0SgT8YxHEunA2INuFh8SGfIrzs+I9b/9iCprllo54oMS+P22V4bRnbgvqm7XXx9zX68z4mxkUpB3P6DAzj8ArN2ZaJU8LXlmLZMnUwcgC/s1dbPRyZsAsIbxoMj3Z9izNtrLILS050rOho+w=
YlDYHxj+zXzvUNtmvkdlC5COo90TUNKuOFBkf38D9xLgDHpDUhIkcTub77WJHdahRMJFHIUp2jgv+EGAakdU4It6tRt6WGYDevztKqTkrWxd0pFHND8KKNIAXCpKV+TDsfE0BFEBYpgB4wi4USGMNPYBKQKcxYDiDMVTKSXD22azC6LEfQj9bOn/mxgzDzoikZvZClHHhmWnnbaj/Q==
AA/j8Ytaf/3mV/JtRzjCsdSp7uGaD6LXR6OLY3hHXsaV8KWw/w31AYSSxCRTSaSiRi4gw7WfpN5MUjNrUmUPZ9KSGn0mFhj4dGb/taW51H9eE+qDhc+nhOczDCArQXQ8rVdoqIMXoHOHvpr9f1M+Qbt8yczx0GKm/YWsLMI+oLSRJOiqjUGWdH1uchAddVnKg7mj9A==
eAT5WWePjhXFqewtDKfSCOh7FFRgCp5osOnFGvd0nrXXuFNp6Wx4h8OhrhQUMC3Xermf+z2vISI19qPrzIVnkgpmRb0VI6IQ5O5pFwMMG32nv/rKxa15nmpvOJ+sHryAnCc7/6Yxn7Af0Sswf5VSbvMss+VM4Ck2x0Fsi9I4nbYDq0x08FuckAtKQohL9Iv+J/cCM1ywlAwaqgxbolvn/QK05y20AOeP7ti3TWpsYC0fsioJljqKCVXpow/dviXHlPTLpOs0D5N9eNVj3DpHN+8650vQfeER8KO7
IadAS077v0V21y9PDiZMkNgtIfvaxIohOxikTx4jNiNDat/q3TkcrmkuJP+phKVxEQTNHZBqKbxpga6I20w9AZb/IFB/0tm7lvAyU64ksWp4PPk8iTq9JxjXPljm+GAqdq/Qs4UZGGR96bbIVTvU+A35WGSiqcWi8G10Unh9r6lZey/Wx6NOZBGgKby9p0fYb1fu8sXz9ep9r7KVk+WKo8E=
KlhGDGtX0zbKZAFfTriam7WuA7/LpuLgmzrbi7KGoFYBxcz636ttKGns910sdmSIK900XsOpoU8taxRCJPbTh+oxX9saVloxfiLoJFwC35ldrcQDVhfqj527l5gPF2xME5WkAOUTqGRbo9AvL1o6UQfHrr0z+ElAaSTSOpUhTMB6avAIWeCo5tV1ZqhVClI85WFJtou9o/g=
m06/bO6Zzzq+enIQ0//MIX11ehWZHWHPIWqi16PY8QVHV2IV3f2qHmtsizXUAEGhiE6kGzpYBeY7a9SEiLs0oMPKivijVLPOvzd648SQvJzSqsTLint/LXp0fx2MoA//Jlh/fcKMGN2HchJZDlpimZ3p65+1Xr0XrLRT1BNUp6M1+J2TtJp/B3d6HxtIXcmBuKPz
W72V+YbcdNeriLKo9SIwj15oA203DWdpdGm2Jn8M/21o0K1KHM4wc1YIuT7Pi8C8lMtYiPcKfhAP5C+2K5fOOzhAkLTGqtDjpquD9c7U62UQEKMX0phLVa78BOWTkuaBsgoO8Qlpf3dZjgFP2NRH7A+kS4sBuOn7GCrj/+Paq0M0DeWprKPn
R5McGl/PvXNp5oYgx+XSGvSWyoeL6vsDHdu41LRGx/c8SK3/bpHR8azkULTjqeY7d+1eJPqP4tgw4ghgz5dxRwzV8oVqESFhb347FRwiX19M9mGhyBoHmcgpO3hqH2ttJivXKgkeFT7qHGHj/G724Fi+nRKI2MkPPu6B6MKySQsB4K+vo+Y=
FxdmLpYur1YpFOBJXy1f1lxoA3w1G2NpdGm2Jn8M/21o0K1MHM4wc1YIuT7Pi8C8lMtYiPcKfhAP5C+2K5fOOzhAkLTGqtDjpquD9c7U62UQEKMX0phLVa78BOWTkuaBsgoO8Qlpf3dZjgFP2NRH7A+kS4sBuOn7GCrj/+Paq0M0DeWprKPn
Ttqy+Bk17GpSapDwUhfdWvSWzJGX9/sDHdu41LRGx/c8SKv/bpHR8azkULTjqeY7d+1eJPqP4tgw4ghgz5dxRwzV8oVqESFhb347FRwiX19M9mGhyBoHmcgpO3hqH2ttJivXKgkeFT7qHGHj/G724Fi+nRKI2MkPPu6B6MKySQsB4K+vo+Y=
GUWoh4olpHv99ksDOtwjJPSWzYeF8vsDHdu41LRGx/c8SKj/bpHR8azkULTjqeY7d+1eJPqP4tgw4ghgz5dxRwzV8oVqESFhb347FRwiX19M9mGhyBoHmcgpO3hqH2ttJivXKgkeFT7qHGHj/G724Fi+nRKI2MkPPu6B6MKySQsB4K+vo+Y=
TxdrNB3aW3HiPoin2BSdoxYDqJuixQ1blL0nXyVlLhDqC/cPa14fRxZIgquahix27tmuFhdMV/2QcOU7A88og56owa5nSyiMjKsQWA+KxkBHxDdGA9emq4CgWITeqsjTbks7ZaaUw5UIMOtHahizheacHNV7Uk4RyqrGARFpZwcRLvnfcJQv3BdEg9t5OFEr0Ar7j8saQ9OMba2ZtKP/
hyc6rwCrrx5MbIrOXYMPsinEcpbFB2Cr2aCs6YFilXPYqMZJztuFtEszcSBnNQWqV4iqaL6b25EFfWSzltuJd58efQ2Cja8PQhqa9bZ+uBCkLr/9dVH0F04b6ouVp4dsN3tMaPup1FQ93+ggE38Am1f22rWvux4pq3TJxOG4Qk4tzexkEtYA3AGtaCIdKTacrSYyWM2deaKTsaP8
