l1WsWLW180g+z3dgup8bG1aqxbT+5oRj+Ze6stFbIx+00f6rovxyydR8wawLwEpgtNTZuznl5D1mfN0xZ9qzhaw/vjT6n4KIcFLokE8n0TdMhdKVagEBMS8Om6Wc0r/vDKYBscgK50kImVsI6q/Lneb79zoJDjXuKuzBU3wellCYbn0KicipX35eYRhCAul7QbCPv6P2
WJ5qm4wLWe5axPCoK/Pnfc1T7/sBH7NKCn8zW3ks4YK3FVT1XC6kQPvlVDb6tqFHPRM0atQuk8+6ib8zqs7aue7aSIwsWh9RjZWka2YP6oeNw7ew/88sBEMtROhViyjsy1twh18C+pnX/87VA+BJSHlc8hJl+QyIKtIQ4OlwKW5FjcYAJVKS9DVZKd67paPw
vZ4sQOkY9SBq8UncJslknQDMGXeWwH8TBFOMeIzDnxdsI8KUk56zNBLNAwJ4s7RFzIHizMC6NOlIF9Vd/fOJNFPVpZBW3RHhRPLExBMpJAIHDyPj9T8kvgyyMwuShY/HErIaXea2mBi0Bv9V5dlU3x4z6qPFbyfkp9MMQOuh9Jxtd2iIQ7cgk0femh0/M77h+1zJ7LFw4sa9ZaxMAt4gFFEM6YpN4RaUvQ5y8F0V2WrDmaPU
awRn4iy18Dxz8qk9vw3dZhElJB5eNMTxqeYDIph6EXyxMSboY53VAP6vmLD3YoH7ruA6c/ZUGeqQjKFcgSpF50CntvgeKEgqXn8oEw1pQKSF+b6oDYs8eKWJAESquf3iqN38ssAtx6mxq5e2TxOWpCmwIZxlV+dZB+c2Es3jjaqlXzo167Wio+k=
EPzwhB5y4OZnQS1cjNTpggUUHjo8Ds1vGtw9SLOjqpBTKXg9VSMrE5xyPVxd+eJYB+xIgGJXfACzKu3bgug+Y9IMZaosVEXMBaIph+xvcgg6EFQqQkcM48mh7MTpcTo46VOAONnRJFSusdHCxJW4AiTVWykt0/MGi9t6hAW4JYxBjxuZu79SgklrYUoJF35Fz42+o/U=
vGAC/YGVrKBhYprEdlD5rwUUHjo8Ds1vGtw9SLOjqpBTOHAzUywqQZxyPVxd+eJYB+1IgGJXfACzKu3bgug+Y9IMZaosVEXMBaIph+xvcgg6EFQqQkcM48mh7MTpcTo46VOAONnRJFSusdHCxJW4AiTVWykt0/MGi9t6hAW4JYxBjxuZu79SgklrYUoJF35Fz42+o/U=
1d8q1mvoOlzJYKoySKr6uJaNYA5p1FndVdiVkUE2zXvWEs8hQWwiOgB2iZ+6RL/uf++FghYgabTd9frReDpxfFHxhmjDVjQAnu84MFci4ftOIFrzVpQ56vBMQdwhamXnYOfWeP7oaCp+v8iTbSlgpKW5HijtS1x4hUmgxMp5HeLInVwyYG2nqVFrNzbv03akSfDBHMUXx1nnp1aSbSOtqoWf2rWL9YKjyQ==
3240ayHlQm5e2OdnLOToVtio4uyDTuufWLTSbjQYApSX6eSw/w31AYSSxCRTSaSiQS8gw7WfpN5MUjNrUmUPZ9KSGn0mFhj4dGb/taW51H9eE+qDhc+nhOczDCArQXQ8rVdoqIMXoHOHvpr9f1M+Qbt8yczx0GKm/YWsLMI+oLSRLOmqjUGWdH1uchAddVnKg7mj9A==
y/Mn7zTyk3QLU5SpBdB+dSMpJf53FH0iOF+5Xw0pBz3pj0QQS1E35oieKhEomuH8IVF2qLNwxADuz8hwJ4IRe96AirMGtCnq4KyRnHGK9WfQB2Y4zghYKk5f+NPdydAkNVlOaD2rTHiVafCEGtmNYjg9LHKQTdepoUtH9h9zBiTZUJHcFTfXWffHBlK9Qz0qNf9qdbuVsqP5
blHNrkpDyNfL+yBlb08lbwu5z6Ti7ocw45WkosIcPzy03P7ExJIb091r2KQ09mcH/JiL6WCB8SFsFPAEY9mGi7c9vjT6n4KIcFLokE8n0TdMhdKVagEBMS8Om6Wc0r/vDKYBscgK50kImVsI6q/Lneb79zoJDjXuKuzBU3wellCYbn0KicipX35eYRhCAul7QbCPv6P2
bvDnJPBEFt89lWi7oolc2DFPwX8l2d99kd/s8Mzr8TRFJbKxQMpZPPlhHsiLYswA5t/wkM+ySTtmUGITnsShamgcCfzZWg2niHdOGDYYUCpGTwDz9bmI5M2J5gilG8T4HRloJPIJNSJgDcSSqF3fqalbf5Z3Q97kYQD5fI3HX9l/d56yFRNFau0PQlXDhbqj8Q==
s/jwF20crP2JBIVQomES1yJ6APihBX8KLH8pfQjH9Fk0SgT8YxHEunA2INuFh8SGfIrzs+I9b/9iCprllo54oMS+P22V4bRnbgvqm7XXx9zX68z4mxkUpB3P6DAzj8ArN2ZaJU8LXlmLZMnUwcgC/s1dbPRyZsAsIbRpMj3Z9izNtrLILS050rOho+w=
Kx8BiJCQ/7fZehc9uSARstSp7uGaD6LXR6OLY3hHXcaV8KWw/w31AYSSxCRTSaSiRi4gw7WfpN5MUjNrUmUPZ9KSGn0mFhj4dGb/taW51H9eE+qDhc+nhOczDCArQXQ8rVdoqIMXoHOHvpr9f1M+Qbt8yczx0GKm/YWsLMI+oLSRLOmqjUGWdH1uchAddVnKg7mj9A==
I0C379UkIKWMjR5AZK2ag+h7FFRgCp5osOnFGvd0nrXXuFNp6Wx4h8OhrhQUMC3Xermf+z2vISI19qPrzIVnkgpmRb0VI6IQ5O5pFwMMG32nv/rKxa15nmpvOJ+sHryAnCc7/6Yxn7Af0Sswf5VSbvMss+VM4Ck2x0Fsi9I4nbYDq0x08FuckAtKQohL9Iv+J/cCM1ywlAwaqgxbolvn/QK05y20AOeP7ti3TWpsYC0fsioJljqKCVXpow/dviXHlPTLpOs0D5N1edVj3DpHN+8650vQfeER8KO7
CFISm1UJLTMFJDlzP1dRx9gtIfvaxIohOxikTx4jNiNDat/q3TkcrmkuJP+phKVxEQTNHZBqKbxpga6I20w9AZb/IFB/0tm7lvAyU64ksWp4PPk8iTq9JxjXPljm+GAqdq/Qs4UZGGR96bbIVTvU+A35WGSiqcWi8G10Unh9r6lZey/Wx6NOZBGgKby9p0/Zb1fu8sXz9ep9r7KVk+WKo8E=
7mY+99UVPJ/AKKoJzjDJLtXtlD4c5W3LJvzuAd8AuF8SKzIjR2LT+sEh+I4NFtjP5UxhMVXMAW0sko3czRkyGFfEuYESd6zA40p9WzKIjqPibHWqPHQ1DPUCWQd8zyJI6vBkKnKn3KOZAXxEmdHK+JlzkDjJsRSUHtFhQlT16ML09Ssp3fOjRls76gS1WJXMcW8LmaufosI5y5HKmbeuhZ/tjqPF
Yppq6QIHdVd8Bpk1GE4DMVI2VOOgj3PgN5F2d4lUvj3bjamzo8TkTnZGm3EWlphtO2re8IEmeuzxu3g0tGaHV7yoZthhsRERLEQQlONJJlv3TZ7E+u+ieLACSADPt7HnjLWypWoxYQHv3vs1HEIfv8xWIcHI+sc5SEn7mGo/K82myxcKCT7V3mq8IcP8jjaA2B5d+om4ia++DsGIwpKJq4GA74+jxg==
MrB0gy8QGH9nV/sq41Sx3xMvgsF8EX7Bd6McCPwRzTTCVwgvMCNFZsnyuxXqnh/i4qf/aAMRt+hbhRbmXwyfLchQDQB7wdCz9ogZ/i+L4Pw0S7jIlwpe0K9kT/bLl+57WMBwdOaq8CNGK+O17tQLJXCQA9fymCsVTnykpbOSBkESiq4x6WkfN/kOoQ+41GcsryQrS+m5ybu4qgM/g9qLg9SNhemMo8c=
MKprAuNYBu3c6c31zJcCOrWuA7/LpuLgmzrbi7KGoFYBxcz636ttKGns910sdmSIK900XsOpoU8taxRCJPbTh+oxX9saVloxfiLoJFwC35ldrcQDVhfqj527l5gPF2xME5WkAOUTqGRbo9AvL1o6UQfHrr0z+ElAaSTSOpUhTMB6avAIWeip5tV1ZqhVClI85WFJtou9o/g=
1eQikvGnuedCL+r0xFAoBH11ehWZHWHPIWqi16PY8QVHV2IV3f2qHmtsizXUAEGhiE6kGzpYBeY7a9SEiLs0oMPKivijVLPOvzd648SQvJzSqsTLint/LXp0fx2MoA//Jlh/fcKMGN2HchJZDlpimZ3p65+1Xr0XrLRT1BNUp6M9+Z2TtJp/B3d6HxtIXcmBuKPz
8qpOb6z/0E6xK6/hCx5HdV5oA203DWdpdGm2Jn8M/21o0K1KHM4wc1YIuT7Pi8C8lMtYiPcKfhAP5C+2K5fOOzhAkLTGqtDjpquD9c7U62UQEKMX0phLVa78BOWTkuaBsgoO8Qlpf3dZjgFP2NRH7A+kS4sJuen7GCrj/+Paq0M0DeWprKPn
PqBDtbdI7mfhuz/cKP6D4PSWyoeL6vsDHdu41LRGx/c8SK3/bpHR8azkULTjqeY7d+1eJPqP4tgw4ghgz5dxRwzV8oVqESFhb347FRwiX19M9mGhyBoHmcgpO3hqH2ttJivXKgkeFT7qHGHj/G724Fi+nRqJ2MkPPu6B6MKySQsB4K+vo+Y=
7smy/+9bULgWnTU5HDff9VxoA3w1G2NpdGm2Jn8M/21o0K1MHM4wc1YIuT7Pi8C8lMtYiPcKfhAP5C+2K5fOOzhAkLTGqtDjpquD9c7U62UQEKMX0phLVa78BOWTkuaBsgoO8Qlpf3dZjgFP2NRH7A+kS4sJuen7GCrj/+Paq0M0DeWprKPn
dU8z64/obNiqpIHPqnU5bvSWzJGX9/sDHdu41LRGx/c8SKv/bpHR8azkULTjqeY7d+1eJPqP4tgw4ghgz5dxRwzV8oVqESFhb347FRwiX19M9mGhyBoHmcgpO3hqH2ttJivXKgkeFT7qHGHj/G724Fi+nRqJ2MkPPu6B6MKySQsB4K+vo+Y=
enEulvDUppleob5kHhQ2Q/SWzYeF8vsDHdu41LRGx/c8SKj/bpHR8azkULTjqeY7d+1eJPqP4tgw4ghgz5dxRwzV8oVqESFhb347FRwiX19M9mGhyBoHmcgpO3hqH2ttJivXKgkeFT7qHGHj/G724Fi+nRqJ2MkPPu6B6MKySQsB4K+vo+Y=
kF03GCkuYPrf9rxPedGA1Or3UKzBuOXljXOVj66A5lABy5ypyaN2O2jr1V0sdmSIK900XsKor08taxRCJPbTh+oxX9saVloxfiLoJFwC35ldrcQDVhfqj527l5gPF2xME5WkAOUTqGRbo9AvL1o6UQfHrr0z+ElAaSTSOpUhTMB6avAIWeGo5tV1ZqhVClI85WFJtou9o/g=
afDcDgZ3o7vJtBOIZ2zIvyddvfHYjR7lAyr3tbw/wZaY1vjQ/11weqjSRc2RbgxRfNuw0l6JxlEkYkRU85lk8iYdL/PVz2QO7CKzm/I1T7cyohpNxsZYqNSWf8UFaRQvPiPqs+WfZ1RHQ4zQixE07E1naJhjx+AjJ04ajd+D/hHbTMn8kYCidl31LNxibuBkcRXomm2R1iTdnvJgvaWZmuOJo8Q=
CKxshgh/MDsqf8EINezjGhB7zVqrgwS20wMaYed5HlrKQeQd1LOXFnMg/3T0ivzAxKdhABEx4i8Tw7PUalOkuoWA0k8YF98V3Xye3KTW8wxOn5S0szuX7M8nJJHq7tqZrnrILGx6H3HNNSTLJi/qp81jNxC/7ywkA43ESBWrKMyL+/AnHyL6uZdfTnVDwEloOfxysiXZDKhqcpBAqVkoTgUtRqBlcpLUdfmpfvuFo9A=
CKxshgh/MDsqf8EINezjGhB7zVqrgwS20wMaYed5HlrKQeQd1LOXFnMg/3T0ivzAxKdhABEx4i8Tw7PUalOkuoWA0k8YF98V3Xye3KTW8wxOn5S0szuX7M8nJJHq7tqZrnrILGx6H3HNNSTLJi/qp81jNxC/7ywkA43ESBWrKMyL+/AnHyL6uZdfTnVDwEloOfxysiXZDKhqcpBAqVkoTgUtRqBlcpLUdfmpfvuFo9A=
+jc2/bKEorzy2645UfDqD9t+eoI4+x2c1PDHv5HticZ6p6ZUjXY8FZWyod0MEi1gvr0ljE0oFxNVYfBqwh4iVWjHjvJ2f3b/J1I7NHmELOUaedH4dxfdu/EitertF4rAiJ49lA6Ymd8KAqOlOo+DCVrQGgi3Cr6QT+TvNuuXjrv4QNA0BqoQY+arQ3WO1Cvl0BDjlxKYC9Xu/MRl05ImAfIKTnHJaT/3mY7Bz5jUh2xPpIsLxbipe9gqo3+j2mvDdA0lKeyjpw==
PA4pY3URKA7A4+ceyflOpd4gfmfYAjsiR/SiHi6M3J0I4htGVQeFfLWk5GFbp1q6FslfVgb4O2OakPJV0fQyCthyCWZl+RzdJm+XExsvXOH/41WEhkLyNqwxkxF14OYQx5gBIkZcfFKP5yLTIvza+bis1Qn2uoMVx35b8XyL9jC6G8q8oCYAtG+DucNcMVrRakWJhT/68wG89leb3JJJNYgOr/3Y7bOsSoujaXbP/36JSj3auhipd9y6fiRI2jUCyEzha64qiTxipoGPUQQH+6Oy
khRE8Z3XjrVLEj32EqO0Vienu0Bop9al6+WNPIx0uNexfv3FzdznQVAXDfZtig1nXVL4mF8OFGHnDWmt3PhoqAN1XmcHceb4OlPaxEC+MLwvC8nbfInKmWoNGT0f4oOJ/P5nAzzqWX0Ixr8FuHWDpIoDU3FWd2+2iYKtYpoAWf8csk68KCIlykgE8RNOsrk0Ii7xl3G8l7Oj+g==
51VvZwAYXGrYrpt5Hd9wiD3aZQhjZXMVtzgFLkBZ25+mYSVJHgCqxy0py0ughWeKy4PsKg7HIJOGyOleXwtwXGQLaOiHCk4w/ySfFlsXXpvogECU1qrAw3ZrU1VeVJvFoNBTN+KYOzWePPQFIxJ24eLK3hEZaW8XCc7Rr0hU94x/5Htr9bjZ22hqU18TWjvjZE21ibyj9w==
1hyzPFH7Ew3PnSBvh4VHAd/4242Yog+Y1FQMv6lj2N23iAxpRuYQl1yK3nQIqlWUz9wBm276KQzi1uHfEbQna6Mi
VNpeB+bG8h41x/ase+J3fdApLfPf8Nk7NSXrXwRqVSEQUOPE7CwPvGprYuC/x+9xGRDGPv0zeZpdrLTxrhNnX8r/OUEyz+y/lcU8SKwksWp4PPk8iTq9JxjXPljm+GAqdq/Qs4UZGGR96bbIVTvU+A35WGSiqcWi8G10Unh9r6lZey/Wx6NOZBGgKby9p0Xfb1fu8sXz9ep9r7KVk+WKo8E=
Eg1oByf0F9eM0WNWruWYjfdE6EnXTtczpoJQN9sPkNe7LQHlDVueXajTS1yFWT8WGzMDghUKUvcQtaJz1MesnhrcyOT5sjWSYBH/jBMc6/BU8AOg/dwCpea5zezr6vNTj/pkJz+UETOa+X+jyv7a6U4qCJzM6p+BreVk+wY/6tctM/egH3+s1GNdhHg1uyi8a6swl7+yekn3jw5FY9BJGNmssgKFSYxYCqLQcIlMLz7lfYYQxeISJBUp6U7blaOg
Gkt8c0GFjrU5qCMCdFBxyE8QLkdnGIK/qEh85YiP0L6m0abvkneIr7wzJoNizKWYupeYWVCHf37u5saDJCXRj/3mW8YPqqfWQu2jAmti4z2daNVdojOsJhaKrW8bogylp7wSn9iGOfvP2yVMZspi7mxpjR1XqFboR+Cx6mZUbIrPv7JbQrQqwbiUJUGWMhNNh6ZL+VxDRkg643r0gC4Q7K9bKUu8+Srpan35Td9yY9l8rkeT/Nr5zQh2HzX45aN0CtMz4RaHD0aJcs2S2pA5L5xibixoEoV7T7RRI44imWSifhEHscx3w6OK
Lwsk1s0DJc2XzUcYyaRMdh5hpJUnE6jvXt87ajVlP4YeKiey9ikh7+/oJFluRv0NpHTbBDv037MIf2WDDPoXV/+6F6vgPZExYKMr
AsK3VEb09Xi5Ps+tAj78vTfV4vL36NM2V8nVOpp5U2epHx8aHX/Ntemwg0BOVRSlRuRRb28l1JRBTSVcOzqu3ahyWBdPYmB6teI6BHXYVcwx70af6x/iwnlL0crZN26FX21OowU=
RNMLvF7No5clGq0LDYsFRPaEJ1eNrSoBhh6IHc/VDwesVF1eWt65kPkuSkoYFZvhkQm2gJ9cU/lIlmdcdNDki7mXkHk3LESdVtL4E/xOtkDY3t03j/gJ775OQcjC0glrgUBvT6MG
nHId3JLvZfNw9U8LgjHC5Rd+YCxRRiViWuLBrAkSMvb4qeNdYbXOPF9gK8W4qh9glOycN0kr6MW3kDwhpm6ALxxyznwo4qULT0RxU07yOXQibnFXcXwXc6M6
fN1mNEQJ8kD7ko3hLSp5Kippy9cvmVEZQ08tZlrmybgZBhoS2M3LiTHhBvgfpOOR6H63BDQINKPZv2BBNxS0tTb6KMu8FmaoeLZtzw+AuQceJhEQAopZQ2FoH3ejPg==
IpE9Y+BCPu4fq2Y/qNA1dANa5PIeq3ADdE8tZlrmybgZBhoS2M3LiTHhBvgfpOOR6H63BDQINKPZv2BBNxS0tTb6KMu8FmaoeLZtzw+AuQceJhEQAopZQ2FoH3ejPg==
fsOjyoHivaH9oXFIQ1ClIHM1mRjFp93noeDaZE02kZyGhEg/f/eJC6qevwaHPwDEy7LEWmB9AfUsh/dWcHt+oPQd7CSSlgCcgelvYp1pNtwtZjKYTV15YhNxozw=
7KgYOHN0BVKZ9fHzChdaUxB7zVqrgwS20wMaYed5HlrKQeQd1LOXFnMg/3T0ivzAxKdhABEx4i8Tw7PUalOkuoWA0k8YF98V3Xye3KTW8wxOn5S0szuX7M8nJJHq7tqZrnrILGx6H3HNNSTLJi/qp81jNxC/7ywkA43ESBWrKMyL+/AnHyL6uZdfTnVDwEloOfxysiXZDKhqcpBAqV0vTgUtRqBlcpLUdfmpfvuFo9A=
8J5Et7MlCX++rQXQ3xIqrD0yKF+CEo71CFcZQd+q8mwyNevWMBJuaTljQq4Pp/u9WneTHuyeowNcgN3dngck1PGzcqgGwnfiDgVnB90JpCUDS/BWpD5Xhhlb2octtiwvB5wCXAG7ek9Yo8nqVehX9OIzkMMfpHn3kyd/mvv242ckXOYm04ggWDdD5DrNuRT/DZUU6BQU+eowzIHc4eol5yBnlng+aKgqvj8Iky2pIKTlOd4oLcuceEXJ4MSK+V3iCB2cMqDtZ6kR63c2r1M2pIlwARwFl4pfpycWki2jbapFHxq1y3XCo4k=
TaKfoIdti1dg2be1gLHGRu70EOfQdPtXu1bJdeGOn6KlhkEOr48o9h+VbnXggupWk2+BvHmekdxe6mHNiQP9u+RQwedkM3bdz/tlrOaqog5sSUa40AiWiEcA8Urm9Cyqz9/yu8LU6uG4tOUhFtJTLYeGC1nc4waoOoO6VACO0Myvu+krPBlqyWpdua1fEqM5fI6HM3x6Oa0Ill+VeEXjVAqzcwGW589miVIN8lpweU+cQi6M6LLFmE/UkYMOgllEop7RZzEsN+Ojqg==
ycBAP7XK6jd4mDI7ItsW9IZkHMNMgG59Ilp4dreVI2DrjMT9v8KghVlKQZ2zrqWmISGvVmJESXSUh1X7wCEr8DLFm1d8+eIaHfg+iPQkmA1DFSCrOIGe6DGbR7Lx5r/3LF9r+nof0XAkRHe3fE9er7/zZwufxLR21xvpCN+XNYuJAn16ddeysEB+pcTmmPEPkmLrVQLPG5kS8OI434oW4HcEp6ZzV/aLMOBI5C6qOLN+C4tF9hSzdZjw2+e6GGPlFtyM9UvSHvG6atahoWnXpwFuCb+gFB/8h4TzOy8/AYvgSmvvO5qT8zytvXnEo48=
Cgt3PhktygAuwFyELuE4xoZkHMNMgG59Ilp4dreVI2DrjMT9v8KghVlKQZ2zrqWmISGvVmJESXSThVX7wCEr8DLFmld8+eIaHfg+iPQkmA1DFSCrOIGe6DGbR7Lx5r/3LF9r+nof0XAkRHe3fE9er7/zZwufxLR21xvpCN+XNYuJAn16ddeysEB+pcTmmPEPkmLrVQLPG5kS8OI434oW4HcEp6ZzV/aLMOBI5C6qOLN+C4tF9hSzdZjw2+e6GGPlFtyM9UvSHvG6atahoWnXpwFuCb+gFB/8h4TzOy8/AYvgSmvvO5qT8zytvXnEo48=
Tc/gyxTkCSKMSaHu8rdwcoZkHMNMgG59Ilp4dreVI2DrjMT9v8KghVlKQZ2zrqWmISGvVmJESXSUh1X7wCEr8DLFlVd8+eIaHfg+iPQkmA1DFSCrOIGe6DGbR7Lx5r/3LF9r+nof0XAkRHe3fE9er7/zZwufxLR21xvpCN+XNYuJAn16ddeysEB+pcTmmPEPkmLrVQLPG5kS8OI434oW4HcEp6ZzV/aLMOBI5C6qOLN+C4tF9hSzdZjw2+e6GGPlFtyM9UvSHvG6atahoWnXpwFuCb+gFB/8h4TzOy8/AYvgSmvvO5qT8zytvXnEo48=
SR3XZmQa6GJk28D1WEAWKoZkHMNMgG59Ilp4dreVI2DrjMT9v8KghVlKQZ2zrqWmISGvVmJESXSThVX7wCEr8DLFlFd8+eIaHfg+iPQkmA1DFSCrOIGe6DGbR7Lx5r/3LF9r+nof0XAkRHe3fE9er7/zZwufxLR21xvpCN+XNYuJAn16ddeysEB+pcTmmPEPkmLrVQLPG5kS8OI434oW4HcEp6ZzV/aLMOBI5C6qOLN+C4tF9hSzdZjw2+e6GGPlFtyM9UvSHvG6atahoWnXpwFuCb+gFB/8h4TzOy8/AYvgSmvvO5qT8zytvXnEo48=
ggOlu5srh+L62mnIvqAb3IZkHMNMgG59Ilp4dreVI2DrjMT9v8KghVlKQZ2zrqWmISGvVmJESXSUh1X7wCEr8DLFl1d8+eIaHfg+iPQkmA1DFSCrOIGe6DGbR7Lx5r/3LF9r+nof0XAkRHe3fE9er7/zZwufxLR21xvpCN+XNYuJAn16ddeysEB+pcTmmPEPkmLrVQLPG5kS8OI434oW4HcEp6ZzV/aLMOBI5C6qOLN+C4tF9hSzdZjw2+e6GGPlFtyM9UvSHvG6atahoWnXpwFuCb+gFB/8h4TzOy8/AYvgSmvvO5qT8zytvXnEo48=
6A2KNDSziKP4mUwwSRJHqIZkHMNMgG59Ilp4dreVI2DrjMT9v8KghVlKQZ2zrqWmISGvVmJESXSThVX7wCEr8DLFlld8+eIaHfg+iPQkmA1DFSCrOIGe6DGbR7Lx5r/3LF9r+nof0XAkRHe3fE9er7/zZwufxLR21xvpCN+XNYuJAn16ddeysEB+pcTmmPEPkmLrVQLPG5kS8OI434oW4HcEp6ZzV/aLMOBI5C6qOLN+C4tF9hSzdZjw2+e6GGPlFtyM9UvSHvG6atahoWnXpwFuCb+gFB/8h4TzOy8/AYvgSmvvO5qT8zytvXnEo48=
/eR46rn96GrpnhHU+dO5cYZkHMNMgG59Ilp4dreVI2DrjMT9v8KghVlKQZ2zrqWmISGvVmJESXSUh1X7wCEr8DLFkVd8+eIaHfg+iPQkmA1DFSCrOIGe6DGbR7Lx5r/3LF9r+nof0XAkRHe3fE9er7/zZwufxLR21xvpCN+XNYuJAn16ddeysEB+pcTmmPEPkmLrVQLPG5kS8OI434oW4HcEp6ZzV/aLMOBI5C6qOLN+C4tF9hSzdZjw2+e6GGPlFtyM9UvSHvG6atahoWnXpwFuCb+gFB/8h4TzOy8/AYvgSmvvO5qT8zytvXnEo48=
s+GoQuZO0lDhcOhhYwEpIoZkHMNMgG59Ilp4dreVI2DrjMT9v8KghVlKQZ2zrqWmISGvVmJESXSThVX7wCEr8DLFkFd8+eIaHfg+iPQkmA1DFSCrOIGe6DGbR7Lx5r/3LF9r+nof0XAkRHe3fE9er7/zZwufxLR21xvpCN+XNYuJAn16ddeysEB+pcTmmPEPkmLrVQLPG5kS8OI434oW4HcEp6ZzV/aLMOBI5C6qOLN+C4tF9hSzdZjw2+e6GGPlFtyM9UvSHvG6atahoWnXpwFuCb+gFB/8h4TzOy8/AYvgSmvvO5qT8zytvXnEo48=
wbOzNq3oyeeUsSSw2yWsS4ZkHMNMgG59Ilp4dreVI2DrjMT9v8KghVlKQZ2zrqWmISGvVmJESXSUh1X7wCEr8DLFk1d8+eIaHfg+iPQkmA1DFSCrOIGe6DGbR7Lx5r/3LF9r+nof0XAkRHe3fE9er7/zZwufxLR21xvpCN+XNYuJAn16ddeysEB+pcTmmPEPkmLrVQLPG5kS8OI434oW4HcEp6ZzV/aLMOBI5C6qOLN+C4tF9hSzdZjw2+e6GGPlFtyM9UvSHvG6atahoWnXpwFuCb+gFB/8h4TzOy8/AYvgSmvvO5qT8zytvXnEo48=
EZNUjtNHX43+0dnJ6yKXgIZkHMNMgG59Ilp4dreVI2DrjMT9v8KghVlKQZ2zrqWmISGvVmJESXSThVX7wCEr8DLFkld8+eIaHfg+iPQkmA1DFSCrOIGe6DGbR7Lx5r/3LF9r+nof0XAkRHe3fE9er7/zZwufxLR21xvpCN+XNYuJAn16ddeysEB+pcTmmPEPkmLrVQLPG5kS8OI434oW4HcEp6ZzV/aLMOBI5C6qOLN+C4tF9hSzdZjw2+e6GGPlFtyM9UvSHvG6atahoWnXpwFuCb+gFB/8h4TzOy8/AYvgSmvvO5qT8zytvXnEo48=
ttf4yp/tJykk8yFKDQvJlIZkHMNMgG59Ilp4dreVI2DrjMT9v8KghVlKQZ2zrqWmISGvVmJESXSUh1X7wCEr8DLFm1Z8+eIaHfg+iPQkmA1DFSCrOIGe6DGbR7Lx5r/3LF9r+nof0XAkRHe3fE9er7/zZwufxLR21xvpCN+XNYuJAn16ddeysEB+pcTmmPEPkmLrVQLPG5kS8OI434oW4HcEp6ZzV/aLMOBI5C6qOLN+C4tF9hSzdZjw2+e6GGPlFtyM9UvSHvG6atahoWnXpwFuCb+gFB/8h4TzOy8/AYvgSmvvO5qT8zytvXnEo48=
oeKVQtzJRnFPKzFbhePMdYZkHMNMgG59Ilp4dreVI2DrjMT9v8KghVlKQZ2zrqWmISGvVmJESXSThVX7wCEr8DLFmlZ8+eIaHfg+iPQkmA1DFSCrOIGe6DGbR7Lx5r/3LF9r+nof0XAkRHe3fE9er7/zZwufxLR21xvpCN+XNYuJAn16ddeysEB+pcTmmPEPkmLrVQLPG5kS8OI434oW4HcEp6ZzV/aLMOBI5C6qOLN+C4tF9hSzdZjw2+e6GGPlFtyM9UvSHvG6atahoWnXpwFuCb+gFB/8h4TzOy8/AYvgSmvvO5qT8zytvXnEo48=
oe0GFmakzYTN5Zj0IQGbWIZkHMNMgG59Ilp4dreVI2DrjMT9v8KghVlKQZ2zrqWmISGvVmJESXSUh1X7wCEr8DLFlVZ8+eIaHfg+iPQkmA1DFSCrOIGe6DGbR7Lx5r/3LF9r+nof0XAkRHe3fE9er7/zZwufxLR21xvpCN+XNYuJAn16ddeysEB+pcTmmPEPkmLrVQLPG5kS8OI434oW4HcEp6ZzV/aLMOBI5C6qOLN+C4tF9hSzdZjw2+e6GGPlFtyM9UvSHvG6atahoWnXpwFuCb+gFB/8h4TzOy8/AYvgSmvvO5qT8zytvXnEo48=
Qvp6w5RaUXghnK2ZBDsYAYZkHMNMgG59Ilp4dreVI2DrjMT9v8KghVlKQZ2zrqWmISGvVmJESXSThVX7wCEr8DLFlFZ8+eIaHfg+iPQkmA1DFSCrOIGe6DGbR7Lx5r/3LF9r+nof0XAkRHe3fE9er7/zZwufxLR21xvpCN+XNYuJAn16ddeysEB+pcTmmPEPkmLrVQLPG5kS8OI434oW4HcEp6ZzV/aLMOBI5C6qOLN+C4tF9hSzdZjw2+e6GGPlFtyM9UvSHvG6atahoWnXpwFuCb+gFB/8h4TzOy8/AYvgSmvvO5qT8zytvXnEo48=
zRORl6JT2ytqg5MQ+hFQJ3eER1H5HvqjOTDN2cxigS4MLas/HMy6iwn9Ti2T0LNSzdoRROucLm4CYTMYoucc3YPm2/Q5x0iZoOeioW2SQsq9PhjcrEU0BkCX0zbPMJR2dJpXWFMjC+1m8uFXlQvDSh0mk88oTw+yBn9N+ID0s2+QT7J3e0LXjB2kyDeyC+0w81fZcw2S2bJJ9664JA7hnEoYXddWkg9dHu8n0bZgZkCzyjrYcxRDbo+3agOUUAy8QqpU6zq7L81q9E+9fODf35ZYD52STCi9d/IC+V6aEnkN6Xv/RR5tt7w0IzQjFHfDw/8ts+RaD6dH+g97mB15oSijYw==
YMEZkGz0/UCYF7qJvSao8YZkHMNMgG59Ilp4dreVI2DrjMT9v8KghVlKQZ2zrqWmISGvVmJESXSThVX7wCEr8DLFl1Z8+eIaHfg+iPQkmA1DFSCrOIGe6DGbR7Lx5r/3LF9r+nof0XAkRHe3fE9er7/zZwufxLR21xvpCN+XNYuJAn16ddeysEB+pcTmmPEPkmLrVQLPG5kS8OI434oW4HcEp6ZzV/aLMOBI5C6qOLN+C4tF9hSzdZjw2+e6GGPlFtyM9UvSHvG6atahoWnXpwFuCb+gFB/8h4TzOy8/AYvgSmvvO5qT8zytvXnEo48=
53q2WK7KEdceV/eRg3O8J6yZ0/0lcOvSjxi5N1z2oJlRmsczePbMOqKO7ZiwIi3cdnl0q4Vmzl723o/go7BenmMIzIRbCfiN/P02JtZe4B3fyQAmFiZfYOd/6s5hKL9g2Jy2dDHtg9SoD3dy3s2w4A3hz8UZLh6cpiScxyFv3y7CEqde7ag+Yohg37G+SWqS3ht4ylnjLqSXxzfIJ0uUhZJyGp1m9pjYNMb/FWWZVB+ec+rjRa8npCeTDIBrYfTc7bdoSMP3IFPHHppdv3O+IXscyawxsOKGPSWsjIIeIFTRwu9KzaEWVD3OcrDdVdmqQ9mjlA==
zRORl6JT2ytqg5MQ+hFQJ3eER1H5HvqjOTDN2cxigS4MLas/HMy6iwn9Ti2T0LNSzdoRROucLm4CYTMYoucc3YPm2/Q5x0iZoOeioW2SQsq9PhjcrEU0BkCX0zbPMJR2dJpXWFMjC+1m8uFXlQvDSh0mk88oTw+yBn9N+ID0s2+QT7J3e0LXjB2kyDeyC+0w81fZcw2S2bJJ9664JA7hnEoYXddWkg9dHu8n0bZgZkCzyjrYcxRDbo+3agOUUAy8QqpU6zq7L81q9E+9fODf35ZYD52STCi9d/IC+V6aEnkN6Xv/RR5tt7w0IzQjFHfDw/8ts+RaD6dH+g97mB15oSijYw==
53q2WK7KEdceV/eRg3O8J6yZ0/0lcOvSjxi5N1z2oJlRmsczePbMOqKO7ZiwIi3cdnl0q4Vmzl723o/go7BenmMIzIRbCfiN/P02JtZe4B3fyQAmFiZfYOd/6s5hKL9g2Jy2dDHtg9SoD3dy3s2w4A3hz8UZLh6cpiScxyFv3y7CEqde7ag+Yohg37G+SWqS3ht4ylnjLqSXxzfIJ0uUhZJyGp1m9pjYNMb/FWWZVB+ec+rjRa8npCeTDIBrYfTc7bdoSMP3IFPHHppdv3O+IXscyawxsOKGPSWsjIIeIFTRwu9KzaEWVD3OcrDdVdmqQ9mjlA==
zRORl6JT2ytqg5MQ+hFQJ3eER1H5HvqjOTDN2cxigS4MLas/HMy6iwn9Ti2T0LNSzdoRROucLm4CYTMYoucc3YPm2/Q5x0iZoOeioW2SQsq9PhjcrEU0BkCX0zbPMJR2dJpXWFMjC+1m8uFXlQvDSh0mk88oTw+yBn9N+ID0s2+QT7J3e0LXjB2kyDeyC+0w81fZcw2S2bJJ9664JA7hnEoYXddWkg9dHu8n0bZgZkCzyjrYcxRDbo+3agOUUAy8QqpU6zq7L81q9E+9fODf35ZYD52STCi9d/IC+V6aEnkN6Xv/RR5tt7w0IzQjFHfDw/8ts+RaD6dH+g97mB15oSijYw==
53q2WK7KEdceV/eRg3O8J6yZ0/0lcOvSjxi5N1z2oJlRmsczePbMOqKO7ZiwIi3cdnl0q4Vmzl723o/go7BenmMIzIRbCfiN/P02JtZe4B3fyQAmFiZfYOd/6s5hKL9g2Jy2dDHtg9SoD3dy3s2w4A3hz8UZLh6cpiScxyFv3y7CEqde7ag+Yohg37G+SWqS3ht4ylnjLqSXxzfIJ0uUhZJyGp1m9pjYNMb/FWWZVB+ec+rjRa8npCeTDIBrYfTc7bdoSMP3IFPHHppdv3O+IXscyawxsOKGPSWsjIIeIFTRwu9KzaEWVD3OcrDdVdmqQ9mjlA==
zRORl6JT2ytqg5MQ+hFQJ3eER1H5HvqjOTDN2cxigS4MLas/HMy6iwn9Ti2T0LNSzdoRROucLm4CYTMYoucc3YPm2/Q5x0iZoOeioW2SQsq9PhjcrEU0BkCX0zbPMJR2dJpXWFMjC+1m8uFXlQvDSh0mk88oTw+yBn9N+ID0s2+QT7J3e0LXjB2kyDeyC+0w81fZcw2S2bJJ9664JA7hnEoYXddWkg9dHu8n0bZgZkCzyjrYcxRDbo+3agOUUAy8QqpU6zq7L81q9E+9fODf35ZYD52STCi9d/IC+V6aEnkN6Xv/RR5tt7w0IzQjFHfDw/8ts+RaD6dH+g97mB15oSijYw==
53q2WK7KEdceV/eRg3O8J6yZ0/0lcOvSjxi5N1z2oJlRmsczePbMOqKO7ZiwIi3cdnl0q4Vmzl723o/go7BenmMIzIRbCfiN/P02JtZe4B3fyQAmFiZfYOd/6s5hKL9g2Jy2dDHtg9SoD3dy3s2w4A3hz8UZLh6cpiScxyFv3y7CEqde7ag+Yohg37G+SWqS3ht4ylnjLqSXxzfIJ0uUhZJyGp1m9pjYNMb/FWWZVB+ec+rjRa8npCeTDIBrYfTc7bdoSMP3IFPHHppdv3O+IXscyawxsOKGPSWsjIIeIFTRwu9KzaEWVD3OcrDdVdmqQ9mjlA==
zRORl6JT2ytqg5MQ+hFQJ3eER1H5HvqjOTDN2cxigS4MLas/HMy6iwn9Ti2T0LNSzdoRROucLm4CYTMYoucc3YPm2/Q5x0iZoOeioW2SQsq9PhjcrEU0BkCX0zbPMJR2dJpXWFMjC+1m8uFXlQvDSh0mk88oTw+yBn9N+ID0s2+QT7J3e0LXjB2kyDeyC+0w81fZcw2S2bJJ9664JA7hnEoYXddWkg9dHu8n0bZgZkCzyjrYcxRDbo+3agOUUAy8QqpU6zq7L81q9E+9fODf35ZYD52STCi9d/IC+V6aEnkN6Xv/RR5tt7w0IzQjFHfDw/8ts+RaD6dH+g97mB15oSijYw==
53q2WK7KEdceV/eRg3O8J6yZ0/0lcOvSjxi5N1z2oJlRmsczePbMOqKO7ZiwIi3cdnl0q4Vmzl723o/go7BenmMIzIRbCfiN/P02JtZe4B3fyQAmFiZfYOd/6s5hKL9g2Jy2dDHtg9SoD3dy3s2w4A3hz8UZLh6cpiScxyFv3y7CEqde7ag+Yohg37G+SWqS3ht4ylnjLqSXxzfIJ0uUhZJyGp1m9pjYNMb/FWWZVB+ec+rjRa8npCeTDIBrYfTc7bdoSMP3IFPHHppdv3O+IXscyawxsOKGPSWsjIIeIFTRwu9KzaEWVD3OcrDdVdmqQ9mjlA==
zRORl6JT2ytqg5MQ+hFQJ3eER1H5HvqjOTDN2cxigS4MLas/HMy6iwn9Ti2T0LNSzdoRROucLm4CYTMYoucc3YPm2/Q5x0iZoOeioW2SQsq9PhjcrEU0BkCX0zbPMJR2dJpXWFMjC+1m8uFXlQvDSh0mk88oTw+yBn9N+ID0s2+QT7J3e0LXjB2kyDeyC+0w81fZcw2S2bJJ9664JA7hnEoYXddWkg9dHu8n0bZgZkCzyjrYcxRDbo+3agOUUAy8QqpU6zq7L81q9E+9fODf35ZYD52STCi9d/IC+V6aEnkN6Xv/RR5tt7w0IzQjFHfDw/8ts+RaD6dH+g97mB15oSijYw==
53q2WK7KEdceV/eRg3O8J6yZ0/0lcOvSjxi5N1z2oJlRmsczePbMOqKO7ZiwIi3cdnl0q4Vmzl723o/go7BenmMIzIRbCfiN/P02JtZe4B3fyQAmFiZfYOd/6s5hKL9g2Jy2dDHtg9SoD3dy3s2w4A3hz8UZLh6cpiScxyFv3y7CEqde7ag+Yohg37G+SWqS3ht4ylnjLqSXxzfIJ0uUhZJyGp1m9pjYNMb/FWWZVB+ec+rjRa8npCeTDIBrYfTc7bdoSMP3IFPHHppdv3O+IXscyawxsOKGPSWsjIIeIFTRwu9KzaEWVD3OcrDdVdmqQ9mjlA==
zRORl6JT2ytqg5MQ+hFQJ3eER1H5HvqjOTDN2cxigS4MLas/HMy6iwn9Ti2T0LNSzdoRROucLm4CYTMYoucc3YPm2/Q5x0iZoOeioW2SQsq9PhjcrEU0BkCX0zbPMJR2dJpXWFMjC+1m8uFXlQvDSh0mk88oTw+yBn9N+ID0s2+QT7J3e0LXjB2kyDeyC+0w81fZcw2S2bJJ9664JA7hnEoYXddWkg9dHu8n0bZgZkCzyjrYcxRDbo+3agOUUAy8QqpU6zq7L81q9E+9fODf35ZYD52STCi9d/IC+V6aEnkN6Xv/RR5tt7w0IzQjFHfDw/8ts+RaD6dH+g97mB15oSijYw==
53q2WK7KEdceV/eRg3O8J6yZ0/0lcOvSjxi5N1z2oJlRmsczePbMOqKO7ZiwIi3cdnl0q4Vmzl723o/go7BenmMIzIRbCfiN/P02JtZe4B3fyQAmFiZfYOd/6s5hKL9g2Jy2dDHtg9SoD3dy3s2w4A3hz8UZLh6cpiScxyFv3y7CEqde7ag+Yohg37G+SWqS3ht4ylnjLqSXxzfIJ0uUhZJyGp1m9pjYNMb/FWWZVB+ec+rjRa8npCeTDIBrYfTc7bdoSMP3IFPHHppdv3O+IXscyawxsOKGPSWsjIIeIFTRwu9KzaEWVD3OcrDdVdmqQ9mjlA==
53q2WK7KEdceV/eRg3O8J6yZ0/0lcOvSjxi5N1z2oJlRmsczePbMOqKO7ZiwIi3cdnl0q4Vmzl723o/go7BenmMIzIRbCfiN/P02JtZe4B3fyQAmFiZfYOd/6s5hKL9g2Jy2dDHtg9SoD3dy3s2w4A3hz8UZLh6cpiScxyFv3y7CEqde7ag+Yohg37G+SWqS3ht4ylnjLqSXxzfIJ0uUhZJyGp1m9pjYNMb/FWWZVB+ec+rjRa8npCeTDIBrYfTc7bdoSMP3IFPHHppdv3O+IXscyawxsOKGPSWsjIIeIFTRwu9KzaEWVD3OcrDdVdmqQ9mjlA==
